<?xml version="1.0" encoding="UTF-8"?>
<robot generator="Robot 3.2.2 (Python 3.9.0 on win32)" generated="20210303 12:05:06.217" rpa="false">
<suite id="s1" name="Movies" source="C:\Users\rjrodriguez\Documents\Rokub0\Clarovideo_Roku\RobotLibrary\Tests\VCardMovies\movies.robot">
<kw name="Launch channel and login" library="keywords" type="setup">
<kw name="Side load" library="RobotLibrary">
<arguments>
<arg>${sideload}</arg>
<arg>${roku_user}</arg>
<arg>${roku_pass}</arg>
</arguments>
<status status="PASS" starttime="20210303 12:05:07.002" endtime="20210303 12:05:10.614"></status>
</kw>
<kw name="Element identifier" library="keywords">
<arguments>
<arg>attr</arg>
<arg>name</arg>
<arg>btnLogin</arg>
</arguments>
<assign>
<var>${element}</var>
</assign>
<kw name="Set Variable" library="BuiltIn">
<doc>Returns the given values which can then be assigned to a variables.</doc>
<arguments>
<arg>using</arg>
</arguments>
<assign>
<var>${using}</var>
</assign>
<msg timestamp="20210303 12:05:10.615" level="INFO">${using} = using</msg>
<status status="PASS" starttime="20210303 12:05:10.614" endtime="20210303 12:05:10.615"></status>
</kw>
<kw name="Set Variable" library="BuiltIn">
<doc>Returns the given values which can then be assigned to a variables.</doc>
<arguments>
<arg>attribute</arg>
</arguments>
<assign>
<var>${attribute}</var>
</assign>
<msg timestamp="20210303 12:05:10.615" level="INFO">${attribute} = attribute</msg>
<status status="PASS" starttime="20210303 12:05:10.615" endtime="20210303 12:05:10.615"></status>
</kw>
<kw name="Set Variable" library="BuiltIn">
<doc>Returns the given values which can then be assigned to a variables.</doc>
<arguments>
<arg>value</arg>
</arguments>
<assign>
<var>${value}</var>
</assign>
<msg timestamp="20210303 12:05:10.616" level="INFO">${value} = value</msg>
<status status="PASS" starttime="20210303 12:05:10.615" endtime="20210303 12:05:10.616"></status>
</kw>
<kw name="Create Dictionary" library="BuiltIn">
<doc>Creates and returns a dictionary based on the given ``items``.</doc>
<arguments>
<arg>${using}=${usingValue}</arg>
<arg>${attribute}=${attributeValue}</arg>
<arg>${value}=${valueValue}</arg>
</arguments>
<assign>
<var>&amp;{usingDic}</var>
</assign>
<msg timestamp="20210303 12:05:10.616" level="INFO">&amp;{usingDic} = { using=attr | attribute=name | value=btnLogin }</msg>
<status status="PASS" starttime="20210303 12:05:10.616" endtime="20210303 12:05:10.617"></status>
</kw>
<kw name="Create List" library="BuiltIn">
<doc>Returns a list containing given items.</doc>
<arguments>
<arg>${usingDic}</arg>
</arguments>
<assign>
<var>@{elementsDic}</var>
</assign>
<msg timestamp="20210303 12:05:10.617" level="INFO">@{elementsDic} = [ {'using': 'attr', 'attribute': 'name', 'value': 'btnLogin'} ]</msg>
<status status="PASS" starttime="20210303 12:05:10.617" endtime="20210303 12:05:10.617"></status>
</kw>
<kw name="Create Dictionary" library="BuiltIn">
<doc>Creates and returns a dictionary based on the given ``items``.</doc>
<arguments>
<arg>elementData=${elementsDic}</arg>
</arguments>
<assign>
<var>&amp;{ElementParams}</var>
</assign>
<msg timestamp="20210303 12:05:10.617" level="INFO">&amp;{ElementParams} = { elementData=[{'using': 'attr', 'attribute': 'name', 'value': 'btnLogin'}] }</msg>
<status status="PASS" starttime="20210303 12:05:10.617" endtime="20210303 12:05:10.617"></status>
</kw>
<msg timestamp="20210303 12:05:10.618" level="INFO">${element} = {'elementData': [{'using': 'attr', 'attribute': 'name', 'value': 'btnLogin'}]}</msg>
<status status="PASS" starttime="20210303 12:05:10.614" endtime="20210303 12:05:10.618"></status>
</kw>
<kw name="Verify is screen loaded" library="RobotLibrary">
<arguments>
<arg>${element}</arg>
</arguments>
<msg timestamp="20210303 12:05:14.977" level="INFO">{'elementData': [{'using': 'attr', 'attribute': 'name', 'value': 'btnLogin'}]}</msg>
<status status="PASS" starttime="20210303 12:05:10.618" endtime="20210303 12:05:14.978"></status>
</kw>
<kw name="Access Login" library="keywords">
<kw name="Open channel not logged" library="keywords">
<kw name="Launch the channel" library="RobotLibrary">
<arguments>
<arg>${channel_code}</arg>
</arguments>
<status status="PASS" starttime="20210303 12:05:14.978" endtime="20210303 12:05:16.505"></status>
</kw>
<kw name="Wait until" library="keywords">
<arguments>
<arg>attr</arg>
<arg>name</arg>
<arg>title</arg>
</arguments>
<kw name="Element identifier" library="keywords">
<arguments>
<arg>${usingValue}</arg>
<arg>${attributeValue}</arg>
<arg>${valueValue}</arg>
</arguments>
<assign>
<var>${element}</var>
</assign>
<kw name="Set Variable" library="BuiltIn">
<doc>Returns the given values which can then be assigned to a variables.</doc>
<arguments>
<arg>using</arg>
</arguments>
<assign>
<var>${using}</var>
</assign>
<msg timestamp="20210303 12:05:16.506" level="INFO">${using} = using</msg>
<status status="PASS" starttime="20210303 12:05:16.505" endtime="20210303 12:05:16.506"></status>
</kw>
<kw name="Set Variable" library="BuiltIn">
<doc>Returns the given values which can then be assigned to a variables.</doc>
<arguments>
<arg>attribute</arg>
</arguments>
<assign>
<var>${attribute}</var>
</assign>
<msg timestamp="20210303 12:05:16.506" level="INFO">${attribute} = attribute</msg>
<status status="PASS" starttime="20210303 12:05:16.506" endtime="20210303 12:05:16.506"></status>
</kw>
<kw name="Set Variable" library="BuiltIn">
<doc>Returns the given values which can then be assigned to a variables.</doc>
<arguments>
<arg>value</arg>
</arguments>
<assign>
<var>${value}</var>
</assign>
<msg timestamp="20210303 12:05:16.506" level="INFO">${value} = value</msg>
<status status="PASS" starttime="20210303 12:05:16.506" endtime="20210303 12:05:16.506"></status>
</kw>
<kw name="Create Dictionary" library="BuiltIn">
<doc>Creates and returns a dictionary based on the given ``items``.</doc>
<arguments>
<arg>${using}=${usingValue}</arg>
<arg>${attribute}=${attributeValue}</arg>
<arg>${value}=${valueValue}</arg>
</arguments>
<assign>
<var>&amp;{usingDic}</var>
</assign>
<msg timestamp="20210303 12:05:16.507" level="INFO">&amp;{usingDic} = { using=attr | attribute=name | value=title }</msg>
<status status="PASS" starttime="20210303 12:05:16.506" endtime="20210303 12:05:16.507"></status>
</kw>
<kw name="Create List" library="BuiltIn">
<doc>Returns a list containing given items.</doc>
<arguments>
<arg>${usingDic}</arg>
</arguments>
<assign>
<var>@{elementsDic}</var>
</assign>
<msg timestamp="20210303 12:05:16.508" level="INFO">@{elementsDic} = [ {'using': 'attr', 'attribute': 'name', 'value': 'title'} ]</msg>
<status status="PASS" starttime="20210303 12:05:16.507" endtime="20210303 12:05:16.508"></status>
</kw>
<kw name="Create Dictionary" library="BuiltIn">
<doc>Creates and returns a dictionary based on the given ``items``.</doc>
<arguments>
<arg>elementData=${elementsDic}</arg>
</arguments>
<assign>
<var>&amp;{ElementParams}</var>
</assign>
<msg timestamp="20210303 12:05:16.508" level="INFO">&amp;{ElementParams} = { elementData=[{'using': 'attr', 'attribute': 'name', 'value': 'title'}] }</msg>
<status status="PASS" starttime="20210303 12:05:16.508" endtime="20210303 12:05:16.508"></status>
</kw>
<msg timestamp="20210303 12:05:16.508" level="INFO">${element} = {'elementData': [{'using': 'attr', 'attribute': 'name', 'value': 'title'}]}</msg>
<status status="PASS" starttime="20210303 12:05:16.505" endtime="20210303 12:05:16.508"></status>
</kw>
<kw name="Verify is screen loaded" library="RobotLibrary">
<arguments>
<arg>${element}</arg>
<arg>${wait}</arg>
</arguments>
<msg timestamp="20210303 12:05:19.722" level="INFO">{'elementData': [{'using': 'attr', 'attribute': 'name', 'value': 'title'}]}</msg>
<status status="PASS" starttime="20210303 12:05:16.508" endtime="20210303 12:05:19.722"></status>
</kw>
<status status="PASS" starttime="20210303 12:05:16.505" endtime="20210303 12:05:19.722"></status>
</kw>
<status status="PASS" starttime="20210303 12:05:14.978" endtime="20210303 12:05:19.722"></status>
</kw>
<kw name="Send key" library="RobotLibrary">
<arguments>
<arg>Down</arg>
</arguments>
<status status="PASS" starttime="20210303 12:05:19.723" endtime="20210303 12:05:21.847"></status>
</kw>
<kw name="Send key" library="RobotLibrary">
<arguments>
<arg>Select</arg>
</arguments>
<status status="PASS" starttime="20210303 12:05:21.847" endtime="20210303 12:05:23.889"></status>
</kw>
<status status="PASS" starttime="20210303 12:05:14.978" endtime="20210303 12:05:23.889"></status>
</kw>
<kw name="Login" library="keywords">
<kw name="Send key" library="RobotLibrary">
<arguments>
<arg>Select</arg>
<arg>1</arg>
</arguments>
<status status="PASS" starttime="20210303 12:05:23.889" endtime="20210303 12:05:24.936"></status>
</kw>
<kw name="Enter username" library="keywords">
<arguments>
<arg>${userMail}</arg>
</arguments>
<kw name="Convert mail" library="RobotLibrary">
<arguments>
<arg>${userMail}</arg>
</arguments>
<assign>
<var>${userArray}</var>
</assign>
<msg timestamp="20210303 12:05:24.937" level="INFO">${userArray} = ['qaroku_rebeca', 'gmail.com']</msg>
<status status="PASS" starttime="20210303 12:05:24.937" endtime="20210303 12:05:24.937"></status>
</kw>
<kw name="Get From List" library="Collections">
<doc>Returns the value specified with an ``index`` from ``list``.</doc>
<arguments>
<arg>${userArray}</arg>
<arg>0</arg>
</arguments>
<assign>
<var>${user}</var>
</assign>
<msg timestamp="20210303 12:05:24.937" level="INFO">${user} = qaroku_rebeca</msg>
<status status="PASS" starttime="20210303 12:05:24.937" endtime="20210303 12:05:24.937"></status>
</kw>
<kw name="Get From List" library="Collections">
<doc>Returns the value specified with an ``index`` from ``list``.</doc>
<arguments>
<arg>${userArray}</arg>
<arg>1</arg>
</arguments>
<assign>
<var>${mail}</var>
</assign>
<msg timestamp="20210303 12:05:24.938" level="INFO">${mail} = gmail.com</msg>
<status status="PASS" starttime="20210303 12:05:24.938" endtime="20210303 12:05:24.938"></status>
</kw>
<kw name="Send word" library="RobotLibrary">
<arguments>
<arg>${user}</arg>
</arguments>
<status status="PASS" starttime="20210303 12:05:24.938" endtime="20210303 12:05:33.987"></status>
</kw>
<kw name="Send key" library="RobotLibrary">
<arguments>
<arg>Lit_%40</arg>
</arguments>
<status status="PASS" starttime="20210303 12:05:33.987" endtime="20210303 12:05:36.026"></status>
</kw>
<kw name="Send word" library="RobotLibrary">
<arguments>
<arg>${mail}</arg>
</arguments>
<status status="PASS" starttime="20210303 12:05:36.026" endtime="20210303 12:05:42.900"></status>
</kw>
<kw name="Send key" library="RobotLibrary">
<arguments>
<arg>Down</arg>
<arg>1</arg>
</arguments>
<status status="PASS" starttime="20210303 12:05:42.900" endtime="20210303 12:05:43.944"></status>
</kw>
<kw name="Send key" library="RobotLibrary">
<arguments>
<arg>Down</arg>
<arg>1</arg>
</arguments>
<status status="PASS" starttime="20210303 12:05:43.944" endtime="20210303 12:05:44.988"></status>
</kw>
<kw name="Send key" library="RobotLibrary">
<arguments>
<arg>Down</arg>
<arg>1</arg>
</arguments>
<status status="PASS" starttime="20210303 12:05:44.989" endtime="20210303 12:05:46.030"></status>
</kw>
<kw name="Send key" library="RobotLibrary">
<arguments>
<arg>Down</arg>
<arg>1</arg>
</arguments>
<status status="PASS" starttime="20210303 12:05:46.030" endtime="20210303 12:05:47.071"></status>
</kw>
<kw name="Send key" library="RobotLibrary">
<arguments>
<arg>Select</arg>
<arg>1</arg>
</arguments>
<status status="PASS" starttime="20210303 12:05:47.071" endtime="20210303 12:05:48.113"></status>
</kw>
<status status="PASS" starttime="20210303 12:05:24.936" endtime="20210303 12:05:48.114"></status>
</kw>
<kw name="Send key" library="RobotLibrary">
<arguments>
<arg>Down</arg>
<arg>1</arg>
</arguments>
<status status="PASS" starttime="20210303 12:05:48.114" endtime="20210303 12:05:49.155"></status>
</kw>
<kw name="Send key" library="RobotLibrary">
<arguments>
<arg>Select</arg>
<arg>1</arg>
</arguments>
<status status="PASS" starttime="20210303 12:05:49.155" endtime="20210303 12:05:50.199"></status>
</kw>
<kw name="Enter password" library="keywords">
<arguments>
<arg>${pass}</arg>
</arguments>
<kw name="Send word" library="RobotLibrary">
<arguments>
<arg>${passWord}</arg>
</arguments>
<status status="PASS" starttime="20210303 12:05:50.200" endtime="20210303 12:05:56.560"></status>
</kw>
<kw name="Send key" library="RobotLibrary">
<arguments>
<arg>Down</arg>
<arg>1</arg>
</arguments>
<status status="PASS" starttime="20210303 12:05:56.560" endtime="20210303 12:05:57.606"></status>
</kw>
<kw name="Send key" library="RobotLibrary">
<arguments>
<arg>Down</arg>
<arg>1</arg>
</arguments>
<status status="PASS" starttime="20210303 12:05:57.606" endtime="20210303 12:05:58.658"></status>
</kw>
<kw name="Send key" library="RobotLibrary">
<arguments>
<arg>Down</arg>
<arg>1</arg>
</arguments>
<status status="PASS" starttime="20210303 12:05:58.658" endtime="20210303 12:05:59.709"></status>
</kw>
<kw name="Send key" library="RobotLibrary">
<arguments>
<arg>Down</arg>
<arg>1</arg>
</arguments>
<status status="PASS" starttime="20210303 12:05:59.709" endtime="20210303 12:06:00.752"></status>
</kw>
<kw name="Send key" library="RobotLibrary">
<arguments>
<arg>Select</arg>
<arg>1</arg>
</arguments>
<status status="PASS" starttime="20210303 12:06:00.752" endtime="20210303 12:06:01.798"></status>
</kw>
<status status="PASS" starttime="20210303 12:05:50.199" endtime="20210303 12:06:01.798"></status>
</kw>
<kw name="Send key" library="RobotLibrary">
<arguments>
<arg>Down</arg>
<arg>1</arg>
</arguments>
<status status="PASS" starttime="20210303 12:06:01.799" endtime="20210303 12:06:02.847"></status>
</kw>
<kw name="Send key" library="RobotLibrary">
<arguments>
<arg>Select</arg>
<arg>1</arg>
</arguments>
<status status="PASS" starttime="20210303 12:06:02.847" endtime="20210303 12:06:03.894"></status>
</kw>
<status status="PASS" starttime="20210303 12:05:23.889" endtime="20210303 12:06:03.894"></status>
</kw>
<status status="PASS" starttime="20210303 12:05:07.002" endtime="20210303 12:06:03.895"></status>
</kw>
<test id="s1-t1" name="Reproducir_película_con_inicio_sesion">
<kw name="Open channel" library="keywords" type="setup">
<kw name="Launch the channel" library="RobotLibrary">
<arguments>
<arg>${channel_code}</arg>
</arguments>
<status status="PASS" starttime="20210303 12:06:03.896" endtime="20210303 12:06:05.440"></status>
</kw>
<kw name="Wait until text" library="keywords">
<arguments>
<arg>text</arg>
<arg>Claro video te recomienda</arg>
</arguments>
<kw name="Element identifier by text" library="keywords">
<arguments>
<arg>${usingValue}</arg>
<arg>${valueValue}</arg>
</arguments>
<assign>
<var>${element}</var>
</assign>
<kw name="Set Variable" library="BuiltIn">
<doc>Returns the given values which can then be assigned to a variables.</doc>
<arguments>
<arg>using</arg>
</arguments>
<assign>
<var>${using}</var>
</assign>
<msg timestamp="20210303 12:06:05.442" level="INFO">${using} = using</msg>
<status status="PASS" starttime="20210303 12:06:05.441" endtime="20210303 12:06:05.442"></status>
</kw>
<kw name="Set Variable" library="BuiltIn">
<doc>Returns the given values which can then be assigned to a variables.</doc>
<arguments>
<arg>value</arg>
</arguments>
<assign>
<var>${value}</var>
</assign>
<msg timestamp="20210303 12:06:05.442" level="INFO">${value} = value</msg>
<status status="PASS" starttime="20210303 12:06:05.442" endtime="20210303 12:06:05.442"></status>
</kw>
<kw name="Create Dictionary" library="BuiltIn">
<doc>Creates and returns a dictionary based on the given ``items``.</doc>
<arguments>
<arg>${using}=${usingValue}</arg>
<arg>${value}=${valueValue}</arg>
</arguments>
<assign>
<var>&amp;{usingDic}</var>
</assign>
<msg timestamp="20210303 12:06:05.443" level="INFO">&amp;{usingDic} = { using=text | value=Claro video te recomienda }</msg>
<status status="PASS" starttime="20210303 12:06:05.442" endtime="20210303 12:06:05.443"></status>
</kw>
<kw name="Create List" library="BuiltIn">
<doc>Returns a list containing given items.</doc>
<arguments>
<arg>${usingDic}</arg>
</arguments>
<assign>
<var>@{elementsDic}</var>
</assign>
<msg timestamp="20210303 12:06:05.443" level="INFO">@{elementsDic} = [ {'using': 'text', 'value': 'Claro video te recomienda'} ]</msg>
<status status="PASS" starttime="20210303 12:06:05.443" endtime="20210303 12:06:05.443"></status>
</kw>
<kw name="Create Dictionary" library="BuiltIn">
<doc>Creates and returns a dictionary based on the given ``items``.</doc>
<arguments>
<arg>elementData=${elementsDic}</arg>
</arguments>
<assign>
<var>&amp;{ElementParams}</var>
</assign>
<msg timestamp="20210303 12:06:05.444" level="INFO">&amp;{ElementParams} = { elementData=[{'using': 'text', 'value': 'Claro video te recomienda'}] }</msg>
<status status="PASS" starttime="20210303 12:06:05.443" endtime="20210303 12:06:05.444"></status>
</kw>
<msg timestamp="20210303 12:06:05.444" level="INFO">${element} = {'elementData': [{'using': 'text', 'value': 'Claro video te recomienda'}]}</msg>
<status status="PASS" starttime="20210303 12:06:05.441" endtime="20210303 12:06:05.444"></status>
</kw>
<kw name="Verify is screen loaded" library="RobotLibrary">
<arguments>
<arg>${element}</arg>
<arg>${wait}</arg>
</arguments>
<msg timestamp="20210303 12:06:16.320" level="INFO">{'elementData': [{'using': 'text', 'value': 'Claro video te recomienda'}]}</msg>
<status status="FAIL" starttime="20210303 12:06:05.444" endtime="20210303 12:06:16.320"></status>
</kw>
<status status="FAIL" starttime="20210303 12:06:05.440" endtime="20210303 12:06:16.321"></status>
</kw>
<status status="FAIL" starttime="20210303 12:06:03.895" endtime="20210303 12:06:16.321"></status>
</kw>
<kw name="Teardown player" type="teardown">
<kw name="Run if fails" library="keywords">
<kw name="Run Keyword If Test Failed" library="BuiltIn">
<doc>Runs the given keyword with the given arguments, if the test failed.</doc>
<arguments>
<arg>Screenshot</arg>
<arg>${EXECDIR}</arg>
<arg>${TEST NAME}</arg>
<arg>${roku_user}</arg>
<arg>${roku_pass}</arg>
</arguments>
<kw name="Screenshot" library="RobotLibrary">
<doc>Parametros
path: directorio desde donde se ejecuta el .robot
name: nombre del caso ejecutado
roku_user: usuario dev de roku
roku_pass: contraseña dev de roku</doc>
<arguments>
<arg>${EXECDIR}</arg>
<arg>${TEST NAME}</arg>
<arg>${roku_user}</arg>
<arg>${roku_pass}</arg>
</arguments>
<errors>
<msg timestamp="20210303 12:06:17.331" level="ERROR">Execution stopped by user.</msg>
<msg timestamp="20210303 12:06:21.339" level="ERROR">Calling method 'close' of listener 'RobotLibrary' failed: ConnectionError: HTTPConnectionPool(host='localhost', port=9000): Max retries exceeded with url: /v1/session/c20c1b1f-ec96-5152-98b5-86c5586521d8 (Caused by NewConnectionError('&lt;urllib3.connection.HTTPConnection object at 0x00000295CA226D00&gt;: Failed to establish a new connection: [WinError 10061] No se puede establecer una conexión ya que el equipo de destino denegó expresamente dicha conexión'))</msg>
</errors>
</robot>
