<?xml version="1.0" encoding="UTF-8"?>
<robot generator="Robot 3.2.2 (Python 3.9.1 on win32)" generated="20210224 17:52:29.649" rpa="false">
<suite id="s1" name="Movies" source="G:\GlobalHitss\Roku\Repo Automatización Roku - Robot y Python\Clarovideo_Roku\RobotLibrary\Tests\Movies\movies.robot">
<kw name="Access and login" type="setup">
<kw name="Access Login" library="keywords">
<kw name="Open channel" library="keywords">
<kw name="Launch the channel">
<arguments>
<arg>${channel_code}</arg>
</arguments>
<msg timestamp="20210224 17:52:29.807" level="FAIL">No keyword with name 'Launch the channel' found. Did you mean:
    keywords.Launch Channel</msg>
<status status="FAIL" starttime="20210224 17:52:29.807" endtime="20210224 17:52:29.807"></status>
</kw>
<status status="FAIL" starttime="20210224 17:52:29.804" endtime="20210224 17:52:29.807"></status>
</kw>
<status status="FAIL" starttime="20210224 17:52:29.804" endtime="20210224 17:52:29.807"></status>
</kw>
<status status="FAIL" starttime="20210224 17:52:29.804" endtime="20210224 17:52:29.807"></status>
</kw>
<test id="s1-t1" name="Reproducir_película">
<tags>
<tag>Ruta_Critica</tag>
</tags>
<status status="FAIL" starttime="20210224 17:52:29.808" endtime="20210224 17:52:29.808" critical="yes">Parent suite setup failed:
No keyword with name 'Launch the channel' found. Did you mean:
    keywords.Launch Channel</status>
</test>
<test id="s1-t2" name="Reproducir_película2">
<status status="FAIL" starttime="20210224 17:52:29.809" endtime="20210224 17:52:29.809" critical="yes">Parent suite setup failed:
No keyword with name 'Launch the channel' found. Did you mean:
    keywords.Launch Channel</status>
</test>
<doc>Suite Movies</doc>
<status status="FAIL" starttime="20210224 17:52:29.651" endtime="20210224 17:52:29.811">Suite setup failed:
No keyword with name 'Launch the channel' found. Did you mean:
    keywords.Launch Channel</status>
</suite>
<statistics>
<total>
<stat pass="0" fail="2">Critical Tests</stat>
<stat pass="0" fail="2">All Tests</stat>
</total>
<tag>
<stat pass="0" fail="1">Ruta_Critica</stat>
</tag>
<suite>
<stat pass="0" fail="2" id="s1" name="Movies">Movies</stat>
</suite>
</statistics>
<errors>
<msg timestamp="20210224 17:52:29.784" level="ERROR">Error in file 'G:\GlobalHitss\Roku\Repo Automatización Roku - Robot y Python\Clarovideo_Roku\RobotLibrary\Tests\Movies\movies.robot' on line 4: Importing test library 'G:\GlobalHitss\Roku\Repo Automatización Roku - Robot y Python\Clarovideo_Roku\RobotLibrary\Library\RobotLibrary.py' failed: SyntaxError: invalid syntax (qa_functions.py, line 13)
Traceback (most recent call last):
  File "G:\GlobalHitss\Roku\Repo Automatización Roku - Robot y Python\Clarovideo_Roku\RobotLibrary\Library\RobotLibrary.py", line 26, in &lt;module&gt;
    import qa_functions as qa
PYTHONPATH:
  G:\GlobalHitss\Roku\Repo Automatización Roku - Robot y Python\Clarovideo_Roku\RobotLibrary\Tests\Movies
  C:\Python39\python39.zip
  C:\Python39\DLLs
  C:\Python39\lib
  C:\Python39
  G:\GlobalHitss\Roku\Repo Automation Roku with rokuality\rokuality-python-master\venv
  G:\GlobalHitss\Roku\Repo Automation Roku with rokuality\rokuality-python-master\venv\lib\site-packages
  G:\GlobalHitss\Roku\Repo Automation Roku with rokuality\rokuality-python-master\venv\lib\site-packages\win32
  G:\GlobalHitss\Roku\Repo Automation Roku with rokuality\rokuality-python-master\venv\lib\site-packages\win32\lib
  G:\GlobalHitss\Roku\Repo Automation Roku with rokuality\rokuality-python-master\venv\lib\site-packages\Pythonwin</msg>
</errors>
</robot>
