<?xml version="1.0" encoding="UTF-8"?>
<robot generator="Robot 3.2.2 (Python 3.9.1 on win32)" generated="20210225 18:23:11.415" rpa="false">
<suite id="s1" name="Movies" source="G:\GlobalHitss\Roku\Repo Automatización Roku - Robot y Python\Clarovideo_Roku\RobotLibrary\Tests\VCardMovies\movies.robot">
<test id="s1-t1" name="Reproducir_película_con_inicio_sesion">
<kw name="Send key" library="RobotLibrary">
<arguments>
<arg>Right</arg>
</arguments>
<status status="PASS" starttime="20210225 18:23:12.210" endtime="20210225 18:23:14.267"></status>
</kw>
<kw name="Send key" library="RobotLibrary">
<arguments>
<arg>Select</arg>
</arguments>
<status status="PASS" starttime="20210225 18:23:14.267" endtime="20210225 18:23:16.334"></status>
</kw>
<kw name="Send key" library="RobotLibrary">
<arguments>
<arg>Select</arg>
</arguments>
<status status="PASS" starttime="20210225 18:23:16.334" endtime="20210225 18:23:18.390"></status>
</kw>
<kw name="Verify is playback started" library="RobotLibrary">
<status status="PASS" starttime="20210225 18:23:18.390" endtime="20210225 18:23:22.931"></status>
</kw>
<tags>
<tag>Critical</tag>
<tag>Run</tag>
<tag>RutaCritica</tag>
</tags>
<status status="PASS" starttime="20210225 18:23:12.209" endtime="20210225 18:23:22.931" critical="yes"></status>
</test>
<doc>Suite Movies</doc>
<status status="PASS" starttime="20210225 18:23:11.417" endtime="20210225 18:23:22.932"></status>
</suite>
<statistics>
<total>
<stat pass="1" fail="0">Critical Tests</stat>
<stat pass="1" fail="0">All Tests</stat>
</total>
<tag>
<stat pass="1" fail="0">Critical</stat>
<stat pass="1" fail="0">Run</stat>
<stat pass="1" fail="0">RutaCritica</stat>
</tag>
<suite>
<stat pass="1" fail="0" id="s1" name="Movies">Movies</stat>
</suite>
</statistics>
<errors>
</errors>
</robot>
