<?xml version="1.0" encoding="UTF-8"?>
<robot generator="Robot 3.2.2 (Python 3.9.0 on win32)" generated="20210303 11:18:20.690" rpa="false">
<suite id="s1" name="Landing" source="C:\Users\rjrodriguez\Documents\Rokub0\Clarovideo_Roku\RobotLibrary\Tests\Landing\landing.robot">
<kw name="Launch channel" library="keywords" type="setup">
<kw name="Side load" library="RobotLibrary">
<arguments>
<arg>${sideload}</arg>
<arg>${roku_user}</arg>
<arg>${roku_pass}</arg>
</arguments>
<status status="PASS" starttime="20210303 11:18:21.429" endtime="20210303 11:18:24.227"></status>
</kw>
<kw name="Element identifier" library="keywords">
<arguments>
<arg>attr</arg>
<arg>name</arg>
<arg>btnLogin</arg>
</arguments>
<assign>
<var>${element}</var>
</assign>
<kw name="Set Variable" library="BuiltIn">
<doc>Returns the given values which can then be assigned to a variables.</doc>
<arguments>
<arg>using</arg>
</arguments>
<assign>
<var>${using}</var>
</assign>
<msg timestamp="20210303 11:18:24.228" level="INFO">${using} = using</msg>
<status status="PASS" starttime="20210303 11:18:24.228" endtime="20210303 11:18:24.228"></status>
</kw>
<kw name="Set Variable" library="BuiltIn">
<doc>Returns the given values which can then be assigned to a variables.</doc>
<arguments>
<arg>attribute</arg>
</arguments>
<assign>
<var>${attribute}</var>
</assign>
<msg timestamp="20210303 11:18:24.228" level="INFO">${attribute} = attribute</msg>
<status status="PASS" starttime="20210303 11:18:24.228" endtime="20210303 11:18:24.228"></status>
</kw>
<kw name="Set Variable" library="BuiltIn">
<doc>Returns the given values which can then be assigned to a variables.</doc>
<arguments>
<arg>value</arg>
</arguments>
<assign>
<var>${value}</var>
</assign>
<msg timestamp="20210303 11:18:24.229" level="INFO">${value} = value</msg>
<status status="PASS" starttime="20210303 11:18:24.228" endtime="20210303 11:18:24.229"></status>
</kw>
<kw name="Create Dictionary" library="BuiltIn">
<doc>Creates and returns a dictionary based on the given ``items``.</doc>
<arguments>
<arg>${using}=${usingValue}</arg>
<arg>${attribute}=${attributeValue}</arg>
<arg>${value}=${valueValue}</arg>
</arguments>
<assign>
<var>&amp;{usingDic}</var>
</assign>
<msg timestamp="20210303 11:18:24.229" level="INFO">&amp;{usingDic} = { using=attr | attribute=name | value=btnLogin }</msg>
<status status="PASS" starttime="20210303 11:18:24.229" endtime="20210303 11:18:24.230"></status>
</kw>
<kw name="Create List" library="BuiltIn">
<doc>Returns a list containing given items.</doc>
<arguments>
<arg>${usingDic}</arg>
</arguments>
<assign>
<var>@{elementsDic}</var>
</assign>
<msg timestamp="20210303 11:18:24.230" level="INFO">@{elementsDic} = [ {'using': 'attr', 'attribute': 'name', 'value': 'btnLogin'} ]</msg>
<status status="PASS" starttime="20210303 11:18:24.230" endtime="20210303 11:18:24.230"></status>
</kw>
<kw name="Create Dictionary" library="BuiltIn">
<doc>Creates and returns a dictionary based on the given ``items``.</doc>
<arguments>
<arg>elementData=${elementsDic}</arg>
</arguments>
<assign>
<var>&amp;{ElementParams}</var>
</assign>
<msg timestamp="20210303 11:18:24.230" level="INFO">&amp;{ElementParams} = { elementData=[{'using': 'attr', 'attribute': 'name', 'value': 'btnLogin'}] }</msg>
<status status="PASS" starttime="20210303 11:18:24.230" endtime="20210303 11:18:24.230"></status>
</kw>
<msg timestamp="20210303 11:18:24.231" level="INFO">${element} = {'elementData': [{'using': 'attr', 'attribute': 'name', 'value': 'btnLogin'}]}</msg>
<status status="PASS" starttime="20210303 11:18:24.227" endtime="20210303 11:18:24.231"></status>
</kw>
<kw name="Verify is screen loaded" library="RobotLibrary">
<arguments>
<arg>${element}</arg>
</arguments>
<msg timestamp="20210303 11:18:29.931" level="INFO">{'elementData': [{'using': 'attr', 'attribute': 'name', 'value': 'btnLogin'}]}</msg>
<status status="PASS" starttime="20210303 11:18:24.231" endtime="20210303 11:18:29.931"></status>
</kw>
<status status="PASS" starttime="20210303 11:18:21.429" endtime="20210303 11:18:29.931"></status>
</kw>
<test id="s1-t1" name="01_0001_LANDING_Verificar_poster_fondo_de_pantalla">
<kw name="Element identifier" library="keywords">
<arguments>
<arg>attr</arg>
<arg>name</arg>
<arg>fondo</arg>
</arguments>
<assign>
<var>${element}</var>
</assign>
<kw name="Set Variable" library="BuiltIn">
<doc>Returns the given values which can then be assigned to a variables.</doc>
<arguments>
<arg>using</arg>
</arguments>
<assign>
<var>${using}</var>
</assign>
<msg timestamp="20210303 11:18:29.932" level="INFO">${using} = using</msg>
<status status="PASS" starttime="20210303 11:18:29.932" endtime="20210303 11:18:29.932"></status>
</kw>
<kw name="Set Variable" library="BuiltIn">
<doc>Returns the given values which can then be assigned to a variables.</doc>
<arguments>
<arg>attribute</arg>
</arguments>
<assign>
<var>${attribute}</var>
</assign>
<msg timestamp="20210303 11:18:29.932" level="INFO">${attribute} = attribute</msg>
<status status="PASS" starttime="20210303 11:18:29.932" endtime="20210303 11:18:29.932"></status>
</kw>
<kw name="Set Variable" library="BuiltIn">
<doc>Returns the given values which can then be assigned to a variables.</doc>
<arguments>
<arg>value</arg>
</arguments>
<assign>
<var>${value}</var>
</assign>
<msg timestamp="20210303 11:18:29.933" level="INFO">${value} = value</msg>
<status status="PASS" starttime="20210303 11:18:29.932" endtime="20210303 11:18:29.933"></status>
</kw>
<kw name="Create Dictionary" library="BuiltIn">
<doc>Creates and returns a dictionary based on the given ``items``.</doc>
<arguments>
<arg>${using}=${usingValue}</arg>
<arg>${attribute}=${attributeValue}</arg>
<arg>${value}=${valueValue}</arg>
</arguments>
<assign>
<var>&amp;{usingDic}</var>
</assign>
<msg timestamp="20210303 11:18:29.933" level="INFO">&amp;{usingDic} = { using=attr | attribute=name | value=fondo }</msg>
<status status="PASS" starttime="20210303 11:18:29.933" endtime="20210303 11:18:29.933"></status>
</kw>
<kw name="Create List" library="BuiltIn">
<doc>Returns a list containing given items.</doc>
<arguments>
<arg>${usingDic}</arg>
</arguments>
<assign>
<var>@{elementsDic}</var>
</assign>
<msg timestamp="20210303 11:18:29.934" level="INFO">@{elementsDic} = [ {'using': 'attr', 'attribute': 'name', 'value': 'fondo'} ]</msg>
<status status="PASS" starttime="20210303 11:18:29.933" endtime="20210303 11:18:29.934"></status>
</kw>
<kw name="Create Dictionary" library="BuiltIn">
<doc>Creates and returns a dictionary based on the given ``items``.</doc>
<arguments>
<arg>elementData=${elementsDic}</arg>
</arguments>
<assign>
<var>&amp;{ElementParams}</var>
</assign>
<msg timestamp="20210303 11:18:29.934" level="INFO">&amp;{ElementParams} = { elementData=[{'using': 'attr', 'attribute': 'name', 'value': 'fondo'}] }</msg>
<status status="PASS" starttime="20210303 11:18:29.934" endtime="20210303 11:18:29.934"></status>
</kw>
<msg timestamp="20210303 11:18:29.934" level="INFO">${element} = {'elementData': [{'using': 'attr', 'attribute': 'name', 'value': 'fondo'}]}</msg>
<status status="PASS" starttime="20210303 11:18:29.931" endtime="20210303 11:18:29.934"></status>
</kw>
<kw name="Verify is screen loaded" library="RobotLibrary">
<arguments>
<arg>${element}</arg>
</arguments>
<msg timestamp="20210303 11:18:29.968" level="INFO">{'elementData': [{'using': 'attr', 'attribute': 'name', 'value': 'fondo'}]}</msg>
<status status="PASS" starttime="20210303 11:18:29.935" endtime="20210303 11:18:29.968"></status>
</kw>
<kw name="Run if fails" library="keywords" type="teardown">
<kw name="Run Keyword If Test Failed" library="BuiltIn">
<doc>Runs the given keyword with the given arguments, if the test failed.</doc>
<arguments>
<arg>Screenshot</arg>
<arg>${EXECDIR}</arg>
<arg>${TEST NAME}</arg>
<arg>${roku_user}</arg>
<arg>${roku_pass}</arg>
</arguments>
<status status="PASS" starttime="20210303 11:18:29.969" endtime="20210303 11:18:29.969"></status>
</kw>
<status status="PASS" starttime="20210303 11:18:29.969" endtime="20210303 11:18:29.969"></status>
</kw>
<status status="PASS" starttime="20210303 11:18:29.931" endtime="20210303 11:18:29.970" critical="yes"></status>
</test>
<test id="s1-t2" name="01_0004_LANDING_Visualizar_texto_todo_lo_que_te_gusta_en_un_solo_lugar">
<kw name="Wait until" library="keywords">
<arguments>
<arg>attr</arg>
<arg>name</arg>
<arg>title</arg>
</arguments>
<kw name="Element identifier" library="keywords">
<arguments>
<arg>${usingValue}</arg>
<arg>${attributeValue}</arg>
<arg>${valueValue}</arg>
</arguments>
<assign>
<var>${element}</var>
</assign>
<kw name="Set Variable" library="BuiltIn">
<doc>Returns the given values which can then be assigned to a variables.</doc>
<arguments>
<arg>using</arg>
</arguments>
<assign>
<var>${using}</var>
</assign>
<msg timestamp="20210303 11:18:29.972" level="INFO">${using} = using</msg>
<status status="PASS" starttime="20210303 11:18:29.972" endtime="20210303 11:18:29.972"></status>
</kw>
<kw name="Set Variable" library="BuiltIn">
<doc>Returns the given values which can then be assigned to a variables.</doc>
<arguments>
<arg>attribute</arg>
</arguments>
<assign>
<var>${attribute}</var>
</assign>
<msg timestamp="20210303 11:18:29.973" level="INFO">${attribute} = attribute</msg>
<status status="PASS" starttime="20210303 11:18:29.973" endtime="20210303 11:18:29.973"></status>
</kw>
<kw name="Set Variable" library="BuiltIn">
<doc>Returns the given values which can then be assigned to a variables.</doc>
<arguments>
<arg>value</arg>
</arguments>
<assign>
<var>${value}</var>
</assign>
<msg timestamp="20210303 11:18:29.973" level="INFO">${value} = value</msg>
<status status="PASS" starttime="20210303 11:18:29.973" endtime="20210303 11:18:29.973"></status>
</kw>
<kw name="Create Dictionary" library="BuiltIn">
<doc>Creates and returns a dictionary based on the given ``items``.</doc>
<arguments>
<arg>${using}=${usingValue}</arg>
<arg>${attribute}=${attributeValue}</arg>
<arg>${value}=${valueValue}</arg>
</arguments>
<assign>
<var>&amp;{usingDic}</var>
</assign>
<msg timestamp="20210303 11:18:29.974" level="INFO">&amp;{usingDic} = { using=attr | attribute=name | value=title }</msg>
<status status="PASS" starttime="20210303 11:18:29.973" endtime="20210303 11:18:29.974"></status>
</kw>
<kw name="Create List" library="BuiltIn">
<doc>Returns a list containing given items.</doc>
<arguments>
<arg>${usingDic}</arg>
</arguments>
<assign>
<var>@{elementsDic}</var>
</assign>
<msg timestamp="20210303 11:18:29.974" level="INFO">@{elementsDic} = [ {'using': 'attr', 'attribute': 'name', 'value': 'title'} ]</msg>
<status status="PASS" starttime="20210303 11:18:29.974" endtime="20210303 11:18:29.974"></status>
</kw>
<kw name="Create Dictionary" library="BuiltIn">
<doc>Creates and returns a dictionary based on the given ``items``.</doc>
<arguments>
<arg>elementData=${elementsDic}</arg>
</arguments>
<assign>
<var>&amp;{ElementParams}</var>
</assign>
<msg timestamp="20210303 11:18:29.975" level="INFO">&amp;{ElementParams} = { elementData=[{'using': 'attr', 'attribute': 'name', 'value': 'title'}] }</msg>
<status status="PASS" starttime="20210303 11:18:29.974" endtime="20210303 11:18:29.975"></status>
</kw>
<msg timestamp="20210303 11:18:29.975" level="INFO">${element} = {'elementData': [{'using': 'attr', 'attribute': 'name', 'value': 'title'}]}</msg>
<status status="PASS" starttime="20210303 11:18:29.972" endtime="20210303 11:18:29.975"></status>
</kw>
<kw name="Verify is screen loaded" library="RobotLibrary">
<arguments>
<arg>${element}</arg>
<arg>${wait}</arg>
</arguments>
<msg timestamp="20210303 11:18:30.021" level="INFO">{'elementData': [{'using': 'attr', 'attribute': 'name', 'value': 'title'}]}</msg>
<status status="PASS" starttime="20210303 11:18:29.975" endtime="20210303 11:18:30.021"></status>
</kw>
<status status="PASS" starttime="20210303 11:18:29.972" endtime="20210303 11:18:30.021"></status>
</kw>
<kw name="Get attr" library="keywords">
<arguments>
<arg>attr</arg>
<arg>name</arg>
<arg>title</arg>
<arg>text</arg>
</arguments>
<assign>
<var>${text}</var>
</assign>
<kw name="Element identifier" library="keywords">
<arguments>
<arg>${using}</arg>
<arg>${attribute}</arg>
<arg>${value}</arg>
</arguments>
<assign>
<var>&amp;{element}</var>
</assign>
<kw name="Set Variable" library="BuiltIn">
<doc>Returns the given values which can then be assigned to a variables.</doc>
<arguments>
<arg>using</arg>
</arguments>
<assign>
<var>${using}</var>
</assign>
<msg timestamp="20210303 11:18:30.022" level="INFO">${using} = using</msg>
<status status="PASS" starttime="20210303 11:18:30.022" endtime="20210303 11:18:30.022"></status>
</kw>
<kw name="Set Variable" library="BuiltIn">
<doc>Returns the given values which can then be assigned to a variables.</doc>
<arguments>
<arg>attribute</arg>
</arguments>
<assign>
<var>${attribute}</var>
</assign>
<msg timestamp="20210303 11:18:30.022" level="INFO">${attribute} = attribute</msg>
<status status="PASS" starttime="20210303 11:18:30.022" endtime="20210303 11:18:30.022"></status>
</kw>
<kw name="Set Variable" library="BuiltIn">
<doc>Returns the given values which can then be assigned to a variables.</doc>
<arguments>
<arg>value</arg>
</arguments>
<assign>
<var>${value}</var>
</assign>
<msg timestamp="20210303 11:18:30.023" level="INFO">${value} = value</msg>
<status status="PASS" starttime="20210303 11:18:30.023" endtime="20210303 11:18:30.023"></status>
</kw>
<kw name="Create Dictionary" library="BuiltIn">
<doc>Creates and returns a dictionary based on the given ``items``.</doc>
<arguments>
<arg>${using}=${usingValue}</arg>
<arg>${attribute}=${attributeValue}</arg>
<arg>${value}=${valueValue}</arg>
</arguments>
<assign>
<var>&amp;{usingDic}</var>
</assign>
<msg timestamp="20210303 11:18:30.024" level="INFO">&amp;{usingDic} = { using=attr | attribute=name | value=title }</msg>
<status status="PASS" starttime="20210303 11:18:30.024" endtime="20210303 11:18:30.024"></status>
</kw>
<kw name="Create List" library="BuiltIn">
<doc>Returns a list containing given items.</doc>
<arguments>
<arg>${usingDic}</arg>
</arguments>
<assign>
<var>@{elementsDic}</var>
</assign>
<msg timestamp="20210303 11:18:30.025" level="INFO">@{elementsDic} = [ {'using': 'attr', 'attribute': 'name', 'value': 'title'} ]</msg>
<status status="PASS" starttime="20210303 11:18:30.024" endtime="20210303 11:18:30.025"></status>
</kw>
<kw name="Create Dictionary" library="BuiltIn">
<doc>Creates and returns a dictionary based on the given ``items``.</doc>
<arguments>
<arg>elementData=${elementsDic}</arg>
</arguments>
<assign>
<var>&amp;{ElementParams}</var>
</assign>
<msg timestamp="20210303 11:18:30.025" level="INFO">&amp;{ElementParams} = { elementData=[{'using': 'attr', 'attribute': 'name', 'value': 'title'}] }</msg>
<status status="PASS" starttime="20210303 11:18:30.025" endtime="20210303 11:18:30.025"></status>
</kw>
<msg timestamp="20210303 11:18:30.025" level="INFO">&amp;{element} = { elementData=[{'using': 'attr', 'attribute': 'name', 'value': 'title'}] }</msg>
<status status="PASS" starttime="20210303 11:18:30.021" endtime="20210303 11:18:30.025"></status>
</kw>
<kw name="Get element" library="RobotLibrary">
<arguments>
<arg>${element}</arg>
</arguments>
<assign>
<var>&amp;{element}</var>
</assign>
<msg timestamp="20210303 11:18:31.060" level="INFO">&amp;{element} = { XMLName={'Space': '', 'Local': 'Label'} | Attrs=[{'Name': {'Space': '', 'Local': 'bounds'}, 'Value': '{272, 200, 696, 56}'}, {'Name': {'Space': '', 'Local': 'color'}, 'Value': '#ddddddff'}, {'Name':...</msg>
<status status="PASS" starttime="20210303 11:18:30.025" endtime="20210303 11:18:31.060"></status>
</kw>
<kw name="Get attribute" library="RobotLibrary">
<arguments>
<arg>${element}</arg>
<arg>${returnValueOfAttrubyte}</arg>
</arguments>
<assign>
<var>${attributeValue}</var>
</assign>
<msg timestamp="20210303 11:18:31.061" level="INFO">${attributeValue} = ¡Todo lo que te gusta en un sólo lugar!</msg>
<status status="PASS" starttime="20210303 11:18:31.060" endtime="20210303 11:18:31.061"></status>
</kw>
<msg timestamp="20210303 11:18:31.061" level="INFO">${text} = ¡Todo lo que te gusta en un sólo lugar!</msg>
<status status="PASS" starttime="20210303 11:18:30.021" endtime="20210303 11:18:31.061"></status>
</kw>
<kw name="Assert Equal" library="keywords">
<arguments>
<arg>${text}</arg>
<arg>¡Todo lo que te gusta en un sólo lugar!</arg>
</arguments>
<kw name="Should Be Equal" library="BuiltIn">
<doc>Fails if the given objects are unequal.</doc>
<arguments>
<arg>${value}</arg>
<arg>${reference}</arg>
</arguments>
<assign>
<var>${result}</var>
</assign>
<msg timestamp="20210303 11:18:31.062" level="INFO">${result} = None</msg>
<status status="PASS" starttime="20210303 11:18:31.062" endtime="20210303 11:18:31.062"></status>
</kw>
<status status="PASS" starttime="20210303 11:18:31.062" endtime="20210303 11:18:31.063"></status>
</kw>
<kw name="Run if fails" library="keywords" type="teardown">
<kw name="Run Keyword If Test Failed" library="BuiltIn">
<doc>Runs the given keyword with the given arguments, if the test failed.</doc>
<arguments>
<arg>Screenshot</arg>
<arg>${EXECDIR}</arg>
<arg>${TEST NAME}</arg>
<arg>${roku_user}</arg>
<arg>${roku_pass}</arg>
</arguments>
<status status="PASS" starttime="20210303 11:18:31.063" endtime="20210303 11:18:31.064"></status>
</kw>
<status status="PASS" starttime="20210303 11:18:31.063" endtime="20210303 11:18:31.064"></status>
</kw>
<tags>
<tag>ApaText</tag>
</tags>
<status status="PASS" starttime="20210303 11:18:29.971" endtime="20210303 11:18:31.064" critical="yes"></status>
</test>
<doc>Suite Landing</doc>
<status status="PASS" starttime="20210303 11:18:20.692" endtime="20210303 11:18:31.065"></status>
</suite>
<statistics>
<total>
<stat pass="2" fail="0">Critical Tests</stat>
<stat pass="2" fail="0">All Tests</stat>
</total>
<tag>
<stat pass="1" fail="0">ApaText</stat>
</tag>
<suite>
<stat pass="2" fail="0" id="s1" name="Landing">Landing</stat>
</suite>
</statistics>
<errors>
</errors>
</robot>
