<?xml version="1.0" encoding="UTF-8"?>
<robot generator="Robot 3.2.2 (Python 3.9.1 on win32)" generated="20210225 13:16:42.473" rpa="false">
<suite id="s1" name="Landing" source="G:\GlobalHitss\Roku\Repo Automatización Roku - Robot y Python\Clarovideo_Roku\RobotLibrary\Tests\Landing\landing.robot">
<test id="s1-t1" name="01_0004_LANDING_Visualizar_texto_todo_lo_que_te_gusta_en_un_solo_lugar">
<kw name="Open channel" library="keywords" type="setup">
<kw name="Launch the channel" library="RobotLibrary">
<arguments>
<arg>${channel_code}</arg>
</arguments>
<status status="PASS" starttime="20210225 13:16:43.204" endtime="20210225 13:16:44.752"></status>
</kw>
<kw name="Sleep" library="BuiltIn">
<doc>Pauses the test executed for the given time.</doc>
<arguments>
<arg>3</arg>
</arguments>
<msg timestamp="20210225 13:16:47.754" level="INFO">Slept 3 seconds</msg>
<status status="PASS" starttime="20210225 13:16:44.753" endtime="20210225 13:16:47.754"></status>
</kw>
<status status="PASS" starttime="20210225 13:16:43.203" endtime="20210225 13:16:47.754"></status>
</kw>
<kw name="Get attr" library="keywords">
<arguments>
<arg>attr</arg>
<arg>name</arg>
<arg>title</arg>
<arg>text</arg>
</arguments>
<assign>
<var>${text}</var>
</assign>
<kw name="Element identifier" library="keywords">
<arguments>
<arg>${using}</arg>
<arg>${attribute}</arg>
<arg>${value}</arg>
</arguments>
<assign>
<var>&amp;{element}</var>
</assign>
<kw name="Set Variable" library="BuiltIn">
<doc>Returns the given values which can then be assigned to a variables.</doc>
<arguments>
<arg>using</arg>
</arguments>
<assign>
<var>${using}</var>
</assign>
<msg timestamp="20210225 13:16:47.755" level="INFO">${using} = using</msg>
<status status="PASS" starttime="20210225 13:16:47.755" endtime="20210225 13:16:47.755"></status>
</kw>
<kw name="Set Variable" library="BuiltIn">
<doc>Returns the given values which can then be assigned to a variables.</doc>
<arguments>
<arg>attribute</arg>
</arguments>
<assign>
<var>${attribute}</var>
</assign>
<msg timestamp="20210225 13:16:47.756" level="INFO">${attribute} = attribute</msg>
<status status="PASS" starttime="20210225 13:16:47.756" endtime="20210225 13:16:47.756"></status>
</kw>
<kw name="Set Variable" library="BuiltIn">
<doc>Returns the given values which can then be assigned to a variables.</doc>
<arguments>
<arg>value</arg>
</arguments>
<assign>
<var>${value}</var>
</assign>
<msg timestamp="20210225 13:16:47.756" level="INFO">${value} = value</msg>
<status status="PASS" starttime="20210225 13:16:47.756" endtime="20210225 13:16:47.756"></status>
</kw>
<kw name="Create Dictionary" library="BuiltIn">
<doc>Creates and returns a dictionary based on the given ``items``.</doc>
<arguments>
<arg>${using}=${usingValue}</arg>
<arg>${attribute}=${attributeValue}</arg>
<arg>${value}=${valueValue}</arg>
</arguments>
<assign>
<var>&amp;{usingDic}</var>
</assign>
<msg timestamp="20210225 13:16:47.756" level="INFO">&amp;{usingDic} = { using=attr | attribute=name | value=title }</msg>
<status status="PASS" starttime="20210225 13:16:47.756" endtime="20210225 13:16:47.756"></status>
</kw>
<kw name="Create List" library="BuiltIn">
<doc>Returns a list containing given items.</doc>
<arguments>
<arg>${usingDic}</arg>
</arguments>
<assign>
<var>@{elementsDic}</var>
</assign>
<msg timestamp="20210225 13:16:47.757" level="INFO">@{elementsDic} = [ {'using': 'attr', 'attribute': 'name', 'value': 'title'} ]</msg>
<status status="PASS" starttime="20210225 13:16:47.757" endtime="20210225 13:16:47.757"></status>
</kw>
<kw name="Create Dictionary" library="BuiltIn">
<doc>Creates and returns a dictionary based on the given ``items``.</doc>
<arguments>
<arg>elementData=${elementsDic}</arg>
</arguments>
<assign>
<var>&amp;{ElementParams}</var>
</assign>
<msg timestamp="20210225 13:16:47.757" level="INFO">&amp;{ElementParams} = { elementData=[{'using': 'attr', 'attribute': 'name', 'value': 'title'}] }</msg>
<status status="PASS" starttime="20210225 13:16:47.757" endtime="20210225 13:16:47.757"></status>
</kw>
<msg timestamp="20210225 13:16:47.757" level="INFO">&amp;{element} = { elementData=[{'using': 'attr', 'attribute': 'name', 'value': 'title'}] }</msg>
<status status="PASS" starttime="20210225 13:16:47.755" endtime="20210225 13:16:47.757"></status>
</kw>
<kw name="Get element" library="RobotLibrary">
<arguments>
<arg>${element}</arg>
</arguments>
<assign>
<var>&amp;{element}</var>
</assign>
<msg timestamp="20210225 13:16:48.832" level="INFO">&amp;{element} = { XMLName={'Space': '', 'Local': 'Label'} | Attrs=[{'Name': {'Space': '', 'Local': 'bounds'}, 'Value': '{272, 200, 696, 56}'}, {'Name': {'Space': '', 'Local': 'color'}, 'Value': '#ddddddff'}, {'Name':...</msg>
<status status="PASS" starttime="20210225 13:16:47.757" endtime="20210225 13:16:48.832"></status>
</kw>
<kw name="Get attribute" library="RobotLibrary">
<arguments>
<arg>${element}</arg>
<arg>${returnValueOfAttrubyte}</arg>
</arguments>
<assign>
<var>${attributeValue}</var>
</assign>
<msg timestamp="20210225 13:16:48.833" level="INFO">${attributeValue} = ¡Todo lo que te gusta en un sólo lugar!</msg>
<status status="PASS" starttime="20210225 13:16:48.832" endtime="20210225 13:16:48.833"></status>
</kw>
<msg timestamp="20210225 13:16:48.833" level="INFO">${text} = ¡Todo lo que te gusta en un sólo lugar!</msg>
<status status="PASS" starttime="20210225 13:16:47.754" endtime="20210225 13:16:48.833"></status>
</kw>
<kw name="Assert Equal" library="keywords">
<arguments>
<arg>${text}</arg>
<arg>¡Todo lo que te gusta en un sólo lugar!</arg>
</arguments>
<kw name="Should Be Equal" library="BuiltIn">
<doc>Fails if the given objects are unequal.</doc>
<arguments>
<arg>${value}</arg>
<arg>${reference}</arg>
</arguments>
<assign>
<var>${result}</var>
</assign>
<msg timestamp="20210225 13:16:48.834" level="INFO">${result} = None</msg>
<status status="PASS" starttime="20210225 13:16:48.834" endtime="20210225 13:16:48.834"></status>
</kw>
<status status="PASS" starttime="20210225 13:16:48.833" endtime="20210225 13:16:48.834"></status>
</kw>
<tags>
<tag>ApaText</tag>
</tags>
<status status="PASS" starttime="20210225 13:16:43.203" endtime="20210225 13:16:48.834" critical="yes"></status>
</test>
<doc>Suite Landing</doc>
<status status="PASS" starttime="20210225 13:16:42.474" endtime="20210225 13:16:48.835"></status>
</suite>
<statistics>
<total>
<stat pass="1" fail="0">Critical Tests</stat>
<stat pass="1" fail="0">All Tests</stat>
</total>
<tag>
<stat pass="1" fail="0">ApaText</stat>
</tag>
<suite>
<stat pass="1" fail="0" id="s1" name="Landing">Landing</stat>
</suite>
</statistics>
<errors>
</errors>
</robot>
