<?xml version="1.0" encoding="UTF-8"?>
<robot generator="Robot 3.2.2 (Python 3.9.1 on win32)" generated="20210226 16:19:31.874" rpa="false">
<suite id="s1" name="Landing" source="G:\GlobalHitss\Roku\Repo Automatización Roku - Robot y Python\Clarovideo_Roku\RobotLibrary\Tests\Landing\landing.robot">
<kw name="Launch channel" library="keywords" type="setup">
<kw name="Side load" library="RobotLibrary">
<arguments>
<arg>${sideload}</arg>
<arg>${roku_user}</arg>
<arg>${roku_pass}</arg>
</arguments>
<status status="PASS" starttime="20210226 16:19:32.586" endtime="20210226 16:19:39.273"></status>
</kw>
<kw name="Element identifier" library="keywords">
<arguments>
<arg>attr</arg>
<arg>name</arg>
<arg>btnLogin</arg>
</arguments>
<assign>
<var>${element}</var>
</assign>
<kw name="Set Variable" library="BuiltIn">
<doc>Returns the given values which can then be assigned to a variables.</doc>
<arguments>
<arg>using</arg>
</arguments>
<assign>
<var>${using}</var>
</assign>
<msg timestamp="20210226 16:19:39.274" level="INFO">${using} = using</msg>
<status status="PASS" starttime="20210226 16:19:39.273" endtime="20210226 16:19:39.274"></status>
</kw>
<kw name="Set Variable" library="BuiltIn">
<doc>Returns the given values which can then be assigned to a variables.</doc>
<arguments>
<arg>attribute</arg>
</arguments>
<assign>
<var>${attribute}</var>
</assign>
<msg timestamp="20210226 16:19:39.274" level="INFO">${attribute} = attribute</msg>
<status status="PASS" starttime="20210226 16:19:39.274" endtime="20210226 16:19:39.274"></status>
</kw>
<kw name="Set Variable" library="BuiltIn">
<doc>Returns the given values which can then be assigned to a variables.</doc>
<arguments>
<arg>value</arg>
</arguments>
<assign>
<var>${value}</var>
</assign>
<msg timestamp="20210226 16:19:39.274" level="INFO">${value} = value</msg>
<status status="PASS" starttime="20210226 16:19:39.274" endtime="20210226 16:19:39.274"></status>
</kw>
<kw name="Create Dictionary" library="BuiltIn">
<doc>Creates and returns a dictionary based on the given ``items``.</doc>
<arguments>
<arg>${using}=${usingValue}</arg>
<arg>${attribute}=${attributeValue}</arg>
<arg>${value}=${valueValue}</arg>
</arguments>
<assign>
<var>&amp;{usingDic}</var>
</assign>
<msg timestamp="20210226 16:19:39.275" level="INFO">&amp;{usingDic} = { using=attr | attribute=name | value=btnLogin }</msg>
<status status="PASS" starttime="20210226 16:19:39.274" endtime="20210226 16:19:39.275"></status>
</kw>
<kw name="Create List" library="BuiltIn">
<doc>Returns a list containing given items.</doc>
<arguments>
<arg>${usingDic}</arg>
</arguments>
<assign>
<var>@{elementsDic}</var>
</assign>
<msg timestamp="20210226 16:19:39.275" level="INFO">@{elementsDic} = [ {'using': 'attr', 'attribute': 'name', 'value': 'btnLogin'} ]</msg>
<status status="PASS" starttime="20210226 16:19:39.275" endtime="20210226 16:19:39.275"></status>
</kw>
<kw name="Create Dictionary" library="BuiltIn">
<doc>Creates and returns a dictionary based on the given ``items``.</doc>
<arguments>
<arg>elementData=${elementsDic}</arg>
</arguments>
<assign>
<var>&amp;{ElementParams}</var>
</assign>
<msg timestamp="20210226 16:19:39.275" level="INFO">&amp;{ElementParams} = { elementData=[{'using': 'attr', 'attribute': 'name', 'value': 'btnLogin'}] }</msg>
<status status="PASS" starttime="20210226 16:19:39.275" endtime="20210226 16:19:39.275"></status>
</kw>
<msg timestamp="20210226 16:19:39.275" level="INFO">${element} = {'elementData': [{'using': 'attr', 'attribute': 'name', 'value': 'btnLogin'}]}</msg>
<status status="PASS" starttime="20210226 16:19:39.273" endtime="20210226 16:19:39.275"></status>
</kw>
<kw name="Verify is screen loaded" library="RobotLibrary">
<arguments>
<arg>${element}</arg>
</arguments>
<msg timestamp="20210226 16:19:42.915" level="INFO">{'elementData': [{'using': 'attr', 'attribute': 'name', 'value': 'btnLogin'}]}</msg>
<status status="PASS" starttime="20210226 16:19:39.275" endtime="20210226 16:19:42.915"></status>
</kw>
<status status="PASS" starttime="20210226 16:19:32.585" endtime="20210226 16:19:42.915"></status>
</kw>
<test id="s1-t1" name="01_0001_LANDING_Verificar_poster_fondo_de_pantalla">
<kw name="Launch the channel" library="RobotLibrary" type="setup">
<arguments>
<arg>${channel_code}</arg>
</arguments>
<status status="PASS" starttime="20210226 16:19:42.916" endtime="20210226 16:19:44.461"></status>
</kw>
<kw name="Element identifier" library="keywords">
<arguments>
<arg>attr</arg>
<arg>name</arg>
<arg>btnLogin</arg>
</arguments>
<assign>
<var>${element}</var>
</assign>
<kw name="Set Variable" library="BuiltIn">
<doc>Returns the given values which can then be assigned to a variables.</doc>
<arguments>
<arg>using</arg>
</arguments>
<assign>
<var>${using}</var>
</assign>
<msg timestamp="20210226 16:19:44.462" level="INFO">${using} = using</msg>
<status status="PASS" starttime="20210226 16:19:44.462" endtime="20210226 16:19:44.462"></status>
</kw>
<kw name="Set Variable" library="BuiltIn">
<doc>Returns the given values which can then be assigned to a variables.</doc>
<arguments>
<arg>attribute</arg>
</arguments>
<assign>
<var>${attribute}</var>
</assign>
<msg timestamp="20210226 16:19:44.462" level="INFO">${attribute} = attribute</msg>
<status status="PASS" starttime="20210226 16:19:44.462" endtime="20210226 16:19:44.462"></status>
</kw>
<kw name="Set Variable" library="BuiltIn">
<doc>Returns the given values which can then be assigned to a variables.</doc>
<arguments>
<arg>value</arg>
</arguments>
<assign>
<var>${value}</var>
</assign>
<msg timestamp="20210226 16:19:44.463" level="INFO">${value} = value</msg>
<status status="PASS" starttime="20210226 16:19:44.462" endtime="20210226 16:19:44.463"></status>
</kw>
<kw name="Create Dictionary" library="BuiltIn">
<doc>Creates and returns a dictionary based on the given ``items``.</doc>
<arguments>
<arg>${using}=${usingValue}</arg>
<arg>${attribute}=${attributeValue}</arg>
<arg>${value}=${valueValue}</arg>
</arguments>
<assign>
<var>&amp;{usingDic}</var>
</assign>
<msg timestamp="20210226 16:19:44.463" level="INFO">&amp;{usingDic} = { using=attr | attribute=name | value=btnLogin }</msg>
<status status="PASS" starttime="20210226 16:19:44.463" endtime="20210226 16:19:44.463"></status>
</kw>
<kw name="Create List" library="BuiltIn">
<doc>Returns a list containing given items.</doc>
<arguments>
<arg>${usingDic}</arg>
</arguments>
<assign>
<var>@{elementsDic}</var>
</assign>
<msg timestamp="20210226 16:19:44.463" level="INFO">@{elementsDic} = [ {'using': 'attr', 'attribute': 'name', 'value': 'btnLogin'} ]</msg>
<status status="PASS" starttime="20210226 16:19:44.463" endtime="20210226 16:19:44.463"></status>
</kw>
<kw name="Create Dictionary" library="BuiltIn">
<doc>Creates and returns a dictionary based on the given ``items``.</doc>
<arguments>
<arg>elementData=${elementsDic}</arg>
</arguments>
<assign>
<var>&amp;{ElementParams}</var>
</assign>
<msg timestamp="20210226 16:19:44.464" level="INFO">&amp;{ElementParams} = { elementData=[{'using': 'attr', 'attribute': 'name', 'value': 'btnLogin'}] }</msg>
<status status="PASS" starttime="20210226 16:19:44.463" endtime="20210226 16:19:44.464"></status>
</kw>
<msg timestamp="20210226 16:19:44.464" level="INFO">${element} = {'elementData': [{'using': 'attr', 'attribute': 'name', 'value': 'btnLogin'}]}</msg>
<status status="PASS" starttime="20210226 16:19:44.462" endtime="20210226 16:19:44.464"></status>
</kw>
<kw name="Verify is screen loaded" library="RobotLibrary">
<arguments>
<arg>${element}</arg>
</arguments>
<msg timestamp="20210226 16:19:48.110" level="INFO">{'elementData': [{'using': 'attr', 'attribute': 'name', 'value': 'btnLogin'}]}</msg>
<status status="PASS" starttime="20210226 16:19:44.464" endtime="20210226 16:19:48.110"></status>
</kw>
<kw name="Run if fails" library="keywords" type="teardown">
<kw name="Run Keyword If Test Failed" library="BuiltIn">
<doc>Runs the given keyword with the given arguments, if the test failed.</doc>
<arguments>
<arg>Screenshot</arg>
<arg>${EXECDIR}</arg>
<arg>${TEST NAME}</arg>
<arg>${roku_user}</arg>
<arg>${roku_pass}</arg>
</arguments>
<status status="PASS" starttime="20210226 16:19:48.111" endtime="20210226 16:19:48.111"></status>
</kw>
<status status="PASS" starttime="20210226 16:19:48.110" endtime="20210226 16:19:48.111"></status>
</kw>
<tags>
<tag>Incomplete</tag>
</tags>
<status status="PASS" starttime="20210226 16:19:42.915" endtime="20210226 16:19:48.111" critical="yes"></status>
</test>
<test id="s1-t2" name="01_0004_LANDING_Visualizar_texto_todo_lo_que_te_gusta_en_un_solo_lugar">
<kw name="Launch the channel" library="RobotLibrary" type="setup">
<arguments>
<arg>${channel_code}</arg>
</arguments>
<status status="PASS" starttime="20210226 16:19:48.112" endtime="20210226 16:19:49.633"></status>
</kw>
<kw name="Wait until" library="keywords">
<arguments>
<arg>attr</arg>
<arg>name</arg>
<arg>title</arg>
</arguments>
<kw name="Element identifier" library="keywords">
<arguments>
<arg>${usingValue}</arg>
<arg>${attributeValue}</arg>
<arg>${valueValue}</arg>
</arguments>
<assign>
<var>${element}</var>
</assign>
<kw name="Set Variable" library="BuiltIn">
<doc>Returns the given values which can then be assigned to a variables.</doc>
<arguments>
<arg>using</arg>
</arguments>
<assign>
<var>${using}</var>
</assign>
<msg timestamp="20210226 16:19:49.634" level="INFO">${using} = using</msg>
<status status="PASS" starttime="20210226 16:19:49.634" endtime="20210226 16:19:49.634"></status>
</kw>
<kw name="Set Variable" library="BuiltIn">
<doc>Returns the given values which can then be assigned to a variables.</doc>
<arguments>
<arg>attribute</arg>
</arguments>
<assign>
<var>${attribute}</var>
</assign>
<msg timestamp="20210226 16:19:49.635" level="INFO">${attribute} = attribute</msg>
<status status="PASS" starttime="20210226 16:19:49.634" endtime="20210226 16:19:49.635"></status>
</kw>
<kw name="Set Variable" library="BuiltIn">
<doc>Returns the given values which can then be assigned to a variables.</doc>
<arguments>
<arg>value</arg>
</arguments>
<assign>
<var>${value}</var>
</assign>
<msg timestamp="20210226 16:19:49.635" level="INFO">${value} = value</msg>
<status status="PASS" starttime="20210226 16:19:49.635" endtime="20210226 16:19:49.635"></status>
</kw>
<kw name="Create Dictionary" library="BuiltIn">
<doc>Creates and returns a dictionary based on the given ``items``.</doc>
<arguments>
<arg>${using}=${usingValue}</arg>
<arg>${attribute}=${attributeValue}</arg>
<arg>${value}=${valueValue}</arg>
</arguments>
<assign>
<var>&amp;{usingDic}</var>
</assign>
<msg timestamp="20210226 16:19:49.635" level="INFO">&amp;{usingDic} = { using=attr | attribute=name | value=title }</msg>
<status status="PASS" starttime="20210226 16:19:49.635" endtime="20210226 16:19:49.635"></status>
</kw>
<kw name="Create List" library="BuiltIn">
<doc>Returns a list containing given items.</doc>
<arguments>
<arg>${usingDic}</arg>
</arguments>
<assign>
<var>@{elementsDic}</var>
</assign>
<msg timestamp="20210226 16:19:49.636" level="INFO">@{elementsDic} = [ {'using': 'attr', 'attribute': 'name', 'value': 'title'} ]</msg>
<status status="PASS" starttime="20210226 16:19:49.635" endtime="20210226 16:19:49.636"></status>
</kw>
<kw name="Create Dictionary" library="BuiltIn">
<doc>Creates and returns a dictionary based on the given ``items``.</doc>
<arguments>
<arg>elementData=${elementsDic}</arg>
</arguments>
<assign>
<var>&amp;{ElementParams}</var>
</assign>
<msg timestamp="20210226 16:19:49.636" level="INFO">&amp;{ElementParams} = { elementData=[{'using': 'attr', 'attribute': 'name', 'value': 'title'}] }</msg>
<status status="PASS" starttime="20210226 16:19:49.636" endtime="20210226 16:19:49.636"></status>
</kw>
<msg timestamp="20210226 16:19:49.636" level="INFO">${element} = {'elementData': [{'using': 'attr', 'attribute': 'name', 'value': 'title'}]}</msg>
<status status="PASS" starttime="20210226 16:19:49.634" endtime="20210226 16:19:49.636"></status>
</kw>
<kw name="Verify is screen loaded" library="RobotLibrary">
<arguments>
<arg>${element}</arg>
<arg>${wait}</arg>
</arguments>
<msg timestamp="20210226 16:19:53.246" level="INFO">{'elementData': [{'using': 'attr', 'attribute': 'name', 'value': 'title'}]}</msg>
<status status="PASS" starttime="20210226 16:19:49.636" endtime="20210226 16:19:53.246"></status>
</kw>
<status status="PASS" starttime="20210226 16:19:49.633" endtime="20210226 16:19:53.246"></status>
</kw>
<kw name="Get attr" library="keywords">
<arguments>
<arg>attr</arg>
<arg>name</arg>
<arg>title</arg>
<arg>text</arg>
</arguments>
<assign>
<var>${text}</var>
</assign>
<kw name="Element identifier" library="keywords">
<arguments>
<arg>${using}</arg>
<arg>${attribute}</arg>
<arg>${value}</arg>
</arguments>
<assign>
<var>&amp;{element}</var>
</assign>
<kw name="Set Variable" library="BuiltIn">
<doc>Returns the given values which can then be assigned to a variables.</doc>
<arguments>
<arg>using</arg>
</arguments>
<assign>
<var>${using}</var>
</assign>
<msg timestamp="20210226 16:19:53.247" level="INFO">${using} = using</msg>
<status status="PASS" starttime="20210226 16:19:53.247" endtime="20210226 16:19:53.247"></status>
</kw>
<kw name="Set Variable" library="BuiltIn">
<doc>Returns the given values which can then be assigned to a variables.</doc>
<arguments>
<arg>attribute</arg>
</arguments>
<assign>
<var>${attribute}</var>
</assign>
<msg timestamp="20210226 16:19:53.247" level="INFO">${attribute} = attribute</msg>
<status status="PASS" starttime="20210226 16:19:53.247" endtime="20210226 16:19:53.247"></status>
</kw>
<kw name="Set Variable" library="BuiltIn">
<doc>Returns the given values which can then be assigned to a variables.</doc>
<arguments>
<arg>value</arg>
</arguments>
<assign>
<var>${value}</var>
</assign>
<msg timestamp="20210226 16:19:53.248" level="INFO">${value} = value</msg>
<status status="PASS" starttime="20210226 16:19:53.248" endtime="20210226 16:19:53.248"></status>
</kw>
<kw name="Create Dictionary" library="BuiltIn">
<doc>Creates and returns a dictionary based on the given ``items``.</doc>
<arguments>
<arg>${using}=${usingValue}</arg>
<arg>${attribute}=${attributeValue}</arg>
<arg>${value}=${valueValue}</arg>
</arguments>
<assign>
<var>&amp;{usingDic}</var>
</assign>
<msg timestamp="20210226 16:19:53.248" level="INFO">&amp;{usingDic} = { using=attr | attribute=name | value=title }</msg>
<status status="PASS" starttime="20210226 16:19:53.248" endtime="20210226 16:19:53.248"></status>
</kw>
<kw name="Create List" library="BuiltIn">
<doc>Returns a list containing given items.</doc>
<arguments>
<arg>${usingDic}</arg>
</arguments>
<assign>
<var>@{elementsDic}</var>
</assign>
<msg timestamp="20210226 16:19:53.248" level="INFO">@{elementsDic} = [ {'using': 'attr', 'attribute': 'name', 'value': 'title'} ]</msg>
<status status="PASS" starttime="20210226 16:19:53.248" endtime="20210226 16:19:53.248"></status>
</kw>
<kw name="Create Dictionary" library="BuiltIn">
<doc>Creates and returns a dictionary based on the given ``items``.</doc>
<arguments>
<arg>elementData=${elementsDic}</arg>
</arguments>
<assign>
<var>&amp;{ElementParams}</var>
</assign>
<msg timestamp="20210226 16:19:53.249" level="INFO">&amp;{ElementParams} = { elementData=[{'using': 'attr', 'attribute': 'name', 'value': 'title'}] }</msg>
<status status="PASS" starttime="20210226 16:19:53.249" endtime="20210226 16:19:53.249"></status>
</kw>
<msg timestamp="20210226 16:19:53.249" level="INFO">&amp;{element} = { elementData=[{'using': 'attr', 'attribute': 'name', 'value': 'title'}] }</msg>
<status status="PASS" starttime="20210226 16:19:53.247" endtime="20210226 16:19:53.249"></status>
</kw>
<kw name="Get element" library="RobotLibrary">
<arguments>
<arg>${element}</arg>
</arguments>
<assign>
<var>&amp;{element}</var>
</assign>
<msg timestamp="20210226 16:19:54.365" level="INFO">&amp;{element} = { XMLName={'Space': '', 'Local': 'Label'} | Attrs=[{'Name': {'Space': '', 'Local': 'bounds'}, 'Value': '{272, 200, 696, 56}'}, {'Name': {'Space': '', 'Local': 'color'}, 'Value': '#ddddddff'}, {'Name':...</msg>
<status status="PASS" starttime="20210226 16:19:53.249" endtime="20210226 16:19:54.365"></status>
</kw>
<kw name="Get attribute" library="RobotLibrary">
<arguments>
<arg>${element}</arg>
<arg>${returnValueOfAttrubyte}</arg>
</arguments>
<assign>
<var>${attributeValue}</var>
</assign>
<msg timestamp="20210226 16:19:54.365" level="INFO">${attributeValue} = ¡Todo lo que te gusta en un sólo lugar!</msg>
<status status="PASS" starttime="20210226 16:19:54.365" endtime="20210226 16:19:54.366"></status>
</kw>
<msg timestamp="20210226 16:19:54.366" level="INFO">${text} = ¡Todo lo que te gusta en un sólo lugar!</msg>
<status status="PASS" starttime="20210226 16:19:53.247" endtime="20210226 16:19:54.366"></status>
</kw>
<kw name="Assert Equal" library="keywords">
<arguments>
<arg>${text}</arg>
<arg>¡Todo lo que te gusta en un sólo lugar!</arg>
</arguments>
<kw name="Should Be Equal" library="BuiltIn">
<doc>Fails if the given objects are unequal.</doc>
<arguments>
<arg>${value}</arg>
<arg>${reference}</arg>
</arguments>
<assign>
<var>${result}</var>
</assign>
<msg timestamp="20210226 16:19:54.366" level="INFO">${result} = None</msg>
<status status="PASS" starttime="20210226 16:19:54.366" endtime="20210226 16:19:54.366"></status>
</kw>
<status status="PASS" starttime="20210226 16:19:54.366" endtime="20210226 16:19:54.367"></status>
</kw>
<kw name="Run if fails" library="keywords" type="teardown">
<kw name="Run Keyword If Test Failed" library="BuiltIn">
<doc>Runs the given keyword with the given arguments, if the test failed.</doc>
<arguments>
<arg>Screenshot</arg>
<arg>${EXECDIR}</arg>
<arg>${TEST NAME}</arg>
<arg>${roku_user}</arg>
<arg>${roku_pass}</arg>
</arguments>
<status status="PASS" starttime="20210226 16:19:54.367" endtime="20210226 16:19:54.367"></status>
</kw>
<status status="PASS" starttime="20210226 16:19:54.367" endtime="20210226 16:19:54.367"></status>
</kw>
<tags>
<tag>ApaText</tag>
</tags>
<status status="PASS" starttime="20210226 16:19:48.112" endtime="20210226 16:19:54.367" critical="yes"></status>
</test>
<doc>Suite Landing</doc>
<status status="PASS" starttime="20210226 16:19:31.875" endtime="20210226 16:19:54.368"></status>
</suite>
<statistics>
<total>
<stat pass="2" fail="0">Critical Tests</stat>
<stat pass="2" fail="0">All Tests</stat>
</total>
<tag>
<stat pass="1" fail="0">ApaText</stat>
<stat pass="1" fail="0">Incomplete</stat>
</tag>
<suite>
<stat pass="2" fail="0" id="s1" name="Landing">Landing</stat>
</suite>
</statistics>
<errors>
</errors>
</robot>
