<?xml version="1.0" encoding="UTF-8"?>
<robot generator="Robot 3.2.2 (Python 3.9.1 on win32)" generated="20210225 17:17:26.547" rpa="false">
<suite id="s1" name="Series" source="G:\GlobalHitss\Roku\Repo Automatización Roku - Robot y Python\Clarovideo_Roku\RobotLibrary\Tests\VCardSeries\series.robot">
<test id="s1-t1" name="Reproducir_serie_con_inicio_sesion">
<kw name="Access and login" library="keywords" type="setup">
<kw name="Access Login" library="keywords">
<kw name="Open channel" library="keywords">
<kw name="Launch the channel" library="RobotLibrary">
<arguments>
<arg>${channel_code}</arg>
</arguments>
<status status="PASS" starttime="20210225 17:17:27.258" endtime="20210225 17:17:28.904"></status>
</kw>
<kw name="Sleep" library="BuiltIn">
<doc>Pauses the test executed for the given time.</doc>
<arguments>
<arg>3</arg>
</arguments>
<msg timestamp="20210225 17:17:31.909" level="INFO">Slept 3 seconds</msg>
<status status="PASS" starttime="20210225 17:17:28.904" endtime="20210225 17:17:31.909"></status>
</kw>
<status status="PASS" starttime="20210225 17:17:27.258" endtime="20210225 17:17:31.910"></status>
</kw>
<kw name="Send key" library="RobotLibrary">
<arguments>
<arg>Down</arg>
</arguments>
<status status="PASS" starttime="20210225 17:17:31.910" endtime="20210225 17:17:33.986"></status>
</kw>
<kw name="Send key" library="RobotLibrary">
<arguments>
<arg>Select</arg>
</arguments>
<status status="PASS" starttime="20210225 17:17:33.986" endtime="20210225 17:17:36.055"></status>
</kw>
<status status="PASS" starttime="20210225 17:17:27.258" endtime="20210225 17:17:36.055"></status>
</kw>
<kw name="Login" library="keywords">
<kw name="Send key" library="RobotLibrary">
<arguments>
<arg>Select</arg>
<arg>1</arg>
</arguments>
<status status="PASS" starttime="20210225 17:17:36.055" endtime="20210225 17:17:37.119"></status>
</kw>
<kw name="Enter username" library="keywords">
<arguments>
<arg>${userMail}</arg>
</arguments>
<kw name="Convert mail" library="RobotLibrary">
<arguments>
<arg>${userMail}</arg>
</arguments>
<assign>
<var>${userArray}</var>
</assign>
<msg timestamp="20210225 17:17:37.120" level="INFO">${userArray} = ['qaroku_rebeca', 'gmail.com']</msg>
<status status="PASS" starttime="20210225 17:17:37.119" endtime="20210225 17:17:37.120"></status>
</kw>
<kw name="Get From List" library="Collections">
<doc>Returns the value specified with an ``index`` from ``list``.</doc>
<arguments>
<arg>${userArray}</arg>
<arg>0</arg>
</arguments>
<assign>
<var>${user}</var>
</assign>
<msg timestamp="20210225 17:17:37.120" level="INFO">${user} = qaroku_rebeca</msg>
<status status="PASS" starttime="20210225 17:17:37.120" endtime="20210225 17:17:37.120"></status>
</kw>
<kw name="Get From List" library="Collections">
<doc>Returns the value specified with an ``index`` from ``list``.</doc>
<arguments>
<arg>${userArray}</arg>
<arg>1</arg>
</arguments>
<assign>
<var>${mail}</var>
</assign>
<msg timestamp="20210225 17:17:37.120" level="INFO">${mail} = gmail.com</msg>
<status status="PASS" starttime="20210225 17:17:37.120" endtime="20210225 17:17:37.120"></status>
</kw>
<kw name="Send word" library="RobotLibrary">
<arguments>
<arg>${user}</arg>
</arguments>
<status status="PASS" starttime="20210225 17:17:37.120" endtime="20210225 17:17:46.473"></status>
</kw>
<kw name="Send key" library="RobotLibrary">
<arguments>
<arg>Lit_%40</arg>
</arguments>
<status status="PASS" starttime="20210225 17:17:46.473" endtime="20210225 17:17:48.527"></status>
</kw>
<kw name="Send word" library="RobotLibrary">
<arguments>
<arg>${mail}</arg>
</arguments>
<status status="PASS" starttime="20210225 17:17:48.527" endtime="20210225 17:17:55.576"></status>
</kw>
<kw name="Send key" library="RobotLibrary">
<arguments>
<arg>Down</arg>
<arg>1</arg>
</arguments>
<status status="PASS" starttime="20210225 17:17:55.577" endtime="20210225 17:17:56.640"></status>
</kw>
<kw name="Send key" library="RobotLibrary">
<arguments>
<arg>Down</arg>
<arg>1</arg>
</arguments>
<status status="PASS" starttime="20210225 17:17:56.640" endtime="20210225 17:17:57.698"></status>
</kw>
<kw name="Send key" library="RobotLibrary">
<arguments>
<arg>Down</arg>
<arg>1</arg>
</arguments>
<status status="PASS" starttime="20210225 17:17:57.698" endtime="20210225 17:17:58.753"></status>
</kw>
<kw name="Send key" library="RobotLibrary">
<arguments>
<arg>Down</arg>
<arg>1</arg>
</arguments>
<status status="PASS" starttime="20210225 17:17:58.753" endtime="20210225 17:17:59.807"></status>
</kw>
<kw name="Send key" library="RobotLibrary">
<arguments>
<arg>Select</arg>
<arg>1</arg>
</arguments>
<status status="PASS" starttime="20210225 17:17:59.807" endtime="20210225 17:18:00.873"></status>
</kw>
<status status="PASS" starttime="20210225 17:17:37.119" endtime="20210225 17:18:00.873"></status>
</kw>
<kw name="Send key" library="RobotLibrary">
<arguments>
<arg>Down</arg>
<arg>1</arg>
</arguments>
<status status="PASS" starttime="20210225 17:18:00.873" endtime="20210225 17:18:01.943"></status>
</kw>
<kw name="Send key" library="RobotLibrary">
<arguments>
<arg>Select</arg>
<arg>1</arg>
</arguments>
<status status="PASS" starttime="20210225 17:18:01.943" endtime="20210225 17:18:03.009"></status>
</kw>
<kw name="Enter password" library="keywords">
<arguments>
<arg>${pass}</arg>
</arguments>
<kw name="Send word" library="RobotLibrary">
<arguments>
<arg>${passWord}</arg>
</arguments>
<status status="PASS" starttime="20210225 17:18:03.009" endtime="20210225 17:18:09.506"></status>
</kw>
<kw name="Send key" library="RobotLibrary">
<arguments>
<arg>Down</arg>
<arg>1</arg>
</arguments>
<status status="PASS" starttime="20210225 17:18:09.506" endtime="20210225 17:18:10.568"></status>
</kw>
<kw name="Send key" library="RobotLibrary">
<arguments>
<arg>Down</arg>
<arg>1</arg>
</arguments>
<status status="PASS" starttime="20210225 17:18:10.568" endtime="20210225 17:18:11.641"></status>
</kw>
<kw name="Send key" library="RobotLibrary">
<arguments>
<arg>Down</arg>
<arg>1</arg>
</arguments>
<status status="PASS" starttime="20210225 17:18:11.641" endtime="20210225 17:18:12.693"></status>
</kw>
<kw name="Send key" library="RobotLibrary">
<arguments>
<arg>Down</arg>
<arg>1</arg>
</arguments>
<status status="PASS" starttime="20210225 17:18:12.693" endtime="20210225 17:18:13.756"></status>
</kw>
<kw name="Send key" library="RobotLibrary">
<arguments>
<arg>Select</arg>
<arg>1</arg>
</arguments>
<status status="PASS" starttime="20210225 17:18:13.756" endtime="20210225 17:18:14.816"></status>
</kw>
<status status="PASS" starttime="20210225 17:18:03.009" endtime="20210225 17:18:14.816"></status>
</kw>
<kw name="Send key" library="RobotLibrary">
<arguments>
<arg>Down</arg>
<arg>1</arg>
</arguments>
<status status="PASS" starttime="20210225 17:18:14.816" endtime="20210225 17:18:15.868"></status>
</kw>
<kw name="Send key" library="RobotLibrary">
<arguments>
<arg>Select</arg>
<arg>1</arg>
</arguments>
<status status="PASS" starttime="20210225 17:18:15.868" endtime="20210225 17:18:16.948"></status>
</kw>
<status status="PASS" starttime="20210225 17:17:36.055" endtime="20210225 17:18:16.948"></status>
</kw>
<status status="PASS" starttime="20210225 17:17:27.258" endtime="20210225 17:18:16.948"></status>
</kw>
<kw name="Send key" library="RobotLibrary">
<arguments>
<arg>Select</arg>
</arguments>
<status status="PASS" starttime="20210225 17:18:16.949" endtime="20210225 17:18:19.017"></status>
</kw>
<kw name="Send key" library="RobotLibrary">
<arguments>
<arg>Select</arg>
</arguments>
<status status="PASS" starttime="20210225 17:18:19.017" endtime="20210225 17:18:21.074"></status>
</kw>
<kw name="Verify is playback started" library="RobotLibrary">
<msg timestamp="20210225 17:18:32.140" level="FAIL">Invalid player state</msg>
<status status="FAIL" starttime="20210225 17:18:21.075" endtime="20210225 17:18:32.140"></status>
</kw>
<kw name="Teardown player" type="teardown">
<kw name="Send key" library="RobotLibrary">
<arguments>
<arg>back</arg>
</arguments>
<status status="PASS" starttime="20210225 17:18:32.141" endtime="20210225 17:18:34.199"></status>
</kw>
<kw name="Logout teardown" library="keywords">
<kw name="Run if fails" library="keywords">
<kw name="Run Keyword If Test Failed" library="BuiltIn">
<doc>Runs the given keyword with the given arguments, if the test failed.</doc>
<arguments>
<arg>Screenshot</arg>
<arg>${EXECDIR}</arg>
<arg>${TEST NAME}</arg>
<arg>${roku_user}</arg>
<arg>${roku_pass}</arg>
</arguments>
<kw name="Screenshot" library="RobotLibrary">
<doc>Parametros
path: directorio desde donde se ejecuta el .robot
name: nombre del caso ejecutado
roku_user: usuario dev de roku
roku_pass: contraseña dev de roku</doc>
<arguments>
<arg>${EXECDIR}</arg>
<arg>${TEST NAME}</arg>
<arg>${roku_user}</arg>
<arg>${roku_pass}</arg>
</arguments>
<status status="PASS" starttime="20210225 17:18:34.200" endtime="20210225 17:18:52.738"></status>
</kw>
<status status="PASS" starttime="20210225 17:18:34.200" endtime="20210225 17:18:52.738"></status>
</kw>
<status status="PASS" starttime="20210225 17:18:34.199" endtime="20210225 17:18:52.738"></status>
</kw>
<kw name="Logout" library="keywords">
<kw name="Send key" library="RobotLibrary">
<arguments>
<arg>Info</arg>
</arguments>
<status status="PASS" starttime="20210225 17:18:52.739" endtime="20210225 17:18:54.818"></status>
</kw>
<kw name="Send key" library="RobotLibrary">
<arguments>
<arg>Select</arg>
</arguments>
<status status="PASS" starttime="20210225 17:18:54.818" endtime="20210225 17:18:56.894"></status>
</kw>
<kw name="Send key" library="RobotLibrary">
<arguments>
<arg>Select</arg>
</arguments>
<status status="PASS" starttime="20210225 17:18:56.894" endtime="20210225 17:18:58.959"></status>
</kw>
<status status="PASS" starttime="20210225 17:18:52.739" endtime="20210225 17:18:58.960"></status>
</kw>
<status status="PASS" starttime="20210225 17:18:34.199" endtime="20210225 17:18:58.960"></status>
</kw>
<status status="PASS" starttime="20210225 17:18:32.140" endtime="20210225 17:18:58.960"></status>
</kw>
<tags>
<tag>CriticalRoute</tag>
</tags>
<status status="FAIL" starttime="20210225 17:17:27.257" endtime="20210225 17:18:58.960" critical="yes">Invalid player state</status>
</test>
<test id="s1-t2" name="Reproducir_serie_con_registro">
<kw name="Access and Register" library="keywords" type="setup">
<kw name="Access Registration" library="keywords">
<kw name="Open channel" library="keywords">
<kw name="Launch the channel" library="RobotLibrary">
<arguments>
<arg>${channel_code}</arg>
</arguments>
<status status="PASS" starttime="20210225 17:18:58.962" endtime="20210225 17:19:00.509"></status>
</kw>
<kw name="Sleep" library="BuiltIn">
<doc>Pauses the test executed for the given time.</doc>
<arguments>
<arg>3</arg>
</arguments>
<msg timestamp="20210225 17:19:03.509" level="INFO">Slept 3 seconds</msg>
<status status="PASS" starttime="20210225 17:19:00.509" endtime="20210225 17:19:03.509"></status>
</kw>
<status status="PASS" starttime="20210225 17:18:58.962" endtime="20210225 17:19:03.509"></status>
</kw>
<kw name="Send key" library="RobotLibrary">
<arguments>
<arg>Select</arg>
</arguments>
<status status="PASS" starttime="20210225 17:19:03.510" endtime="20210225 17:19:05.611"></status>
</kw>
<status status="PASS" starttime="20210225 17:18:58.962" endtime="20210225 17:19:05.611"></status>
</kw>
<kw name="Register" library="keywords">
<kw name="Send key" library="RobotLibrary">
<arguments>
<arg>Select</arg>
</arguments>
<status status="PASS" starttime="20210225 17:19:05.611" endtime="20210225 17:19:07.676"></status>
</kw>
<kw name="Create mail" library="RobotLibrary">
<assign>
<var>${mailcreate}</var>
</assign>
<msg timestamp="20210225 17:19:07.676" level="INFO">${mailcreate} = mailRegistro53110573@gmail.com</msg>
<status status="PASS" starttime="20210225 17:19:07.676" endtime="20210225 17:19:07.676"></status>
</kw>
<kw name="Enter username" library="keywords">
<arguments>
<arg>${mailcreate}</arg>
</arguments>
<kw name="Convert mail" library="RobotLibrary">
<arguments>
<arg>${userMail}</arg>
</arguments>
<assign>
<var>${userArray}</var>
</assign>
<msg timestamp="20210225 17:19:07.677" level="INFO">${userArray} = ['mailRegistro53110573', 'gmail.com']</msg>
<status status="PASS" starttime="20210225 17:19:07.677" endtime="20210225 17:19:07.677"></status>
</kw>
<kw name="Get From List" library="Collections">
<doc>Returns the value specified with an ``index`` from ``list``.</doc>
<arguments>
<arg>${userArray}</arg>
<arg>0</arg>
</arguments>
<assign>
<var>${user}</var>
</assign>
<msg timestamp="20210225 17:19:07.677" level="INFO">${user} = mailRegistro53110573</msg>
<status status="PASS" starttime="20210225 17:19:07.677" endtime="20210225 17:19:07.677"></status>
</kw>
<kw name="Get From List" library="Collections">
<doc>Returns the value specified with an ``index`` from ``list``.</doc>
<arguments>
<arg>${userArray}</arg>
<arg>1</arg>
</arguments>
<assign>
<var>${mail}</var>
</assign>
<msg timestamp="20210225 17:19:07.677" level="INFO">${mail} = gmail.com</msg>
<status status="PASS" starttime="20210225 17:19:07.677" endtime="20210225 17:19:07.677"></status>
</kw>
<kw name="Send word" library="RobotLibrary">
<arguments>
<arg>${user}</arg>
</arguments>
<status status="FAIL" starttime="20210225 17:19:07.678" endtime="20210225 17:19:10.678"></status>
</kw>
<status status="FAIL" starttime="20210225 17:19:07.677" endtime="20210225 17:19:10.678"></status>
</kw>
<status status="FAIL" starttime="20210225 17:19:05.611" endtime="20210225 17:19:10.678"></status>
</kw>
<status status="FAIL" starttime="20210225 17:18:58.961" endtime="20210225 17:19:10.678"></status>
</kw>
<tags>
<tag>CriticalRoute</tag>
</tags>
<status status="FAIL" starttime="20210225 17:18:58.961" endtime="20210225 17:19:10.678" critical="yes">Setup failed:
Execution terminated by signal</status>
</test>
<doc>Suite Series</doc>
<status status="FAIL" starttime="20210225 17:17:26.549" endtime="20210225 17:19:10.679"></status>
</suite>
<statistics>
<total>
<stat pass="0" fail="2">Critical Tests</stat>
<stat pass="0" fail="2">All Tests</stat>
</total>
<tag>
<stat pass="0" fail="2">CriticalRoute</stat>
</tag>
<suite>
<stat pass="0" fail="2" id="s1" name="Series">Series</stat>
</suite>
</statistics>
<errors>
<msg timestamp="20210225 17:19:14.762" level="ERROR">Error in library 'RobotLibrary': Calling method 'close' of listener 'RobotLibrary' failed: ConnectionError: HTTPConnectionPool(host='localhost', port=9000): Max retries exceeded with url: /v1/session/91092bb1-02b8-59ab-892c-30fa004ffac6 (Caused by NewConnectionError('&lt;urllib3.connection.HTTPConnection object at 0x000001E049EA7F10&gt;: Failed to establish a new connection: [WinError 10061] No se puede establecer una conexión ya que el equipo de destino denegó expresamente dicha conexión'))</msg>
</errors>
</robot>
