<?xml version="1.0" encoding="UTF-8"?>
<robot generator="Robot 3.2.2 (Python 3.9.1 on win32)" generated="20210225 13:20:55.101" rpa="false">
<suite id="s1" name="Start Channel" source="G:\GlobalHitss\Roku\Repo Automatización Roku - Robot y Python\Clarovideo_Roku\RobotLibrary\Tests\LaunchChannel\start_channel.robot">
<test id="s1-t1" name="Channel is launched">
<kw name="Side load" library="RobotLibrary">
<arguments>
<arg>${sideload}</arg>
<arg>${roku_user}</arg>
<arg>${roku_pass}</arg>
</arguments>
<msg timestamp="20210225 13:20:55.991" level="FAIL">Post "http://192.168.0.200/plugin_install": http: ContentLength=305 with Body length 0</msg>
<status status="FAIL" starttime="20210225 13:20:55.888" endtime="20210225 13:20:55.991"></status>
</kw>
<status status="FAIL" starttime="20210225 13:20:55.888" endtime="20210225 13:20:55.991" critical="yes">Post "http://192.168.0.200/plugin_install": http: ContentLength=305 with Body length 0</status>
</test>
<doc>Suite Launch channel</doc>
<status status="FAIL" starttime="20210225 13:20:55.102" endtime="20210225 13:20:55.992"></status>
</suite>
<statistics>
<total>
<stat pass="0" fail="1">Critical Tests</stat>
<stat pass="0" fail="1">All Tests</stat>
</total>
<tag>
</tag>
<suite>
<stat pass="0" fail="1" id="s1" name="Start Channel">Start Channel</stat>
</suite>
</statistics>
<errors>
</errors>
</robot>
