<?xml version="1.0" encoding="UTF-8"?>
<robot generator="Robot 3.2.2 (Python 3.9.0 on win32)" generated="20210211 13:44:54.540" rpa="false">
<suite id="s1" name="Start Channel" source="C:\Users\rjrodriguez\Documents\QA_automation\rokub0-qa\RobotLibrary\Tests\LaunchChannel\start_channel.robot">
<test id="s1-t1" name="Channel is launched">
<kw name="Comment" library="BuiltIn">
<doc>Displays the given messages in the log file as keyword arguments.</doc>
<arguments>
<arg>Sidelodear canal</arg>
</arguments>
<status status="PASS" starttime="20210211 13:44:55.640" endtime="20210211 13:44:55.641"></status>
</kw>
<kw name="Side load" library="RobotLibrary">
<arguments>
<arg>${sideload}</arg>
<arg>rokudev</arg>
<arg>1234</arg>
</arguments>
<status status="PASS" starttime="20210211 13:44:55.641" endtime="20210211 13:45:04.790"></status>
</kw>
<kw name="Comment" library="BuiltIn">
<doc>Displays the given messages in the log file as keyword arguments.</doc>
<arguments>
<arg>Verificar que accedio a la landing del canal</arg>
</arguments>
<status status="PASS" starttime="20210211 13:45:04.791" endtime="20210211 13:45:04.791"></status>
</kw>
<kw name="Element identifier" library="keywords">
<arguments>
<arg>attr</arg>
<arg>name</arg>
<arg>btnLogin</arg>
</arguments>
<assign>
<var>${element}</var>
</assign>
<kw name="Set Variable" library="BuiltIn">
<doc>Returns the given values which can then be assigned to a variables.</doc>
<arguments>
<arg>using</arg>
</arguments>
<assign>
<var>${using}</var>
</assign>
<msg timestamp="20210211 13:45:04.793" level="INFO">${using} = using</msg>
<status status="PASS" starttime="20210211 13:45:04.792" endtime="20210211 13:45:04.793"></status>
</kw>
<kw name="Set Variable" library="BuiltIn">
<doc>Returns the given values which can then be assigned to a variables.</doc>
<arguments>
<arg>attribute</arg>
</arguments>
<assign>
<var>${attribute}</var>
</assign>
<msg timestamp="20210211 13:45:04.793" level="INFO">${attribute} = attribute</msg>
<status status="PASS" starttime="20210211 13:45:04.793" endtime="20210211 13:45:04.793"></status>
</kw>
<kw name="Set Variable" library="BuiltIn">
<doc>Returns the given values which can then be assigned to a variables.</doc>
<arguments>
<arg>value</arg>
</arguments>
<assign>
<var>${value}</var>
</assign>
<msg timestamp="20210211 13:45:04.793" level="INFO">${value} = value</msg>
<status status="PASS" starttime="20210211 13:45:04.793" endtime="20210211 13:45:04.793"></status>
</kw>
<kw name="Create Dictionary" library="BuiltIn">
<doc>Creates and returns a dictionary based on the given ``items``.</doc>
<arguments>
<arg>${using}=${usingValue}</arg>
<arg>${attribute}=${attributeValue}</arg>
<arg>${value}=${valueValue}</arg>
</arguments>
<assign>
<var>&amp;{usingDic}</var>
</assign>
<msg timestamp="20210211 13:45:04.794" level="INFO">&amp;{usingDic} = { using=attr | attribute=name | value=btnLogin }</msg>
<status status="PASS" starttime="20210211 13:45:04.794" endtime="20210211 13:45:04.794"></status>
</kw>
<kw name="Create List" library="BuiltIn">
<doc>Returns a list containing given items.</doc>
<arguments>
<arg>${usingDic}</arg>
</arguments>
<assign>
<var>@{elementsDic}</var>
</assign>
<msg timestamp="20210211 13:45:04.795" level="INFO">@{elementsDic} = [ {'using': 'attr', 'attribute': 'name', 'value': 'btnLogin'} ]</msg>
<status status="PASS" starttime="20210211 13:45:04.795" endtime="20210211 13:45:04.795"></status>
</kw>
<kw name="Create Dictionary" library="BuiltIn">
<doc>Creates and returns a dictionary based on the given ``items``.</doc>
<arguments>
<arg>elementData=${elementsDic}</arg>
</arguments>
<assign>
<var>&amp;{ElementParams}</var>
</assign>
<msg timestamp="20210211 13:45:04.795" level="INFO">&amp;{ElementParams} = { elementData=[{'using': 'attr', 'attribute': 'name', 'value': 'btnLogin'}] }</msg>
<status status="PASS" starttime="20210211 13:45:04.795" endtime="20210211 13:45:04.795"></status>
</kw>
<msg timestamp="20210211 13:45:04.796" level="INFO">${element} = {'elementData': [{'using': 'attr', 'attribute': 'name', 'value': 'btnLogin'}]}</msg>
<status status="PASS" starttime="20210211 13:45:04.792" endtime="20210211 13:45:04.796"></status>
</kw>
<kw name="Verify is screen loaded" library="RobotLibrary">
<arguments>
<arg>${element}</arg>
</arguments>
<msg timestamp="20210211 13:45:10.229" level="INFO">{'elementData': [{'using': 'attr', 'attribute': 'name', 'value': 'btnLogin'}]}</msg>
<status status="PASS" starttime="20210211 13:45:04.796" endtime="20210211 13:45:10.229"></status>
</kw>
<status status="PASS" starttime="20210211 13:44:55.639" endtime="20210211 13:45:10.230" critical="yes"></status>
</test>
<doc>Launch channel</doc>
<status status="PASS" starttime="20210211 13:44:54.542" endtime="20210211 13:45:10.232"></status>
</suite>
<statistics>
<total>
<stat pass="1" fail="0">Critical Tests</stat>
<stat pass="1" fail="0">All Tests</stat>
</total>
<tag>
</tag>
<suite>
<stat pass="1" fail="0" id="s1" name="Start Channel">Start Channel</stat>
</suite>
</statistics>
<errors>
</errors>
</robot>
