<?xml version="1.0" encoding="UTF-8"?>
<robot generator="Robot 3.2.2 (Python 3.9.1 on win32)" generated="20210203 20:44:17.984" rpa="false">
<suite id="s1" name="Start Channel" source="G:\GlobalHitss\Roku\Clarovideo_Roku\RobotLibrary\Tests\LaunchChannel\start_channel.robot">
<test id="s1-t1" name="Channel is launched">
<kw name="Side load" library="RobotLibrary">
<arguments>
<arg>${sideload}</arg>
<arg>rokudev</arg>
<arg>1234</arg>
</arguments>
<status status="PASS" starttime="20210203 20:44:18.641" endtime="20210203 20:44:22.691"></status>
</kw>
<kw name="Verify is screen loaded" library="RobotLibrary">
<arguments>
<arg>${ElementParams}</arg>
</arguments>
<msg timestamp="20210203 20:44:27.131" level="INFO">{'elementData': [{'using': 'attr', 'attribute': 'name', 'value': 'btnLogin'}]}</msg>
<status status="PASS" starttime="20210203 20:44:22.691" endtime="20210203 20:44:27.131"></status>
</kw>
<status status="PASS" starttime="20210203 20:44:18.641" endtime="20210203 20:44:27.132" critical="yes"></status>
</test>
<doc>Basic smoke tests</doc>
<status status="PASS" starttime="20210203 20:44:17.985" endtime="20210203 20:44:27.133"></status>
</suite>
<statistics>
<total>
<stat pass="1" fail="0">Critical Tests</stat>
<stat pass="1" fail="0">All Tests</stat>
</total>
<tag>
</tag>
<suite>
<stat pass="1" fail="0" id="s1" name="Start Channel">Start Channel</stat>
</suite>
</statistics>
<errors>
</errors>
</robot>
