<?xml version="1.0" encoding="UTF-8"?>
<robot generator="Robot 3.2.2 (Python 3.9.0 on win32)" generated="20210209 17:16:02.386" rpa="false">
<suite id="s1" name="Start Channel" source="C:\Users\rjrodriguez\Documents\Rokub0\Clarovideo_Roku\RobotLibrary\Tests\LaunchChannel\start_channel.robot">
<test id="s1-t1" name="Channel is launched">
<kw name="Comment" library="BuiltIn">
<doc>Displays the given messages in the log file as keyword arguments.</doc>
<arguments>
<arg>Sidelodear canal</arg>
</arguments>
<status status="PASS" starttime="20210209 17:16:03.156" endtime="20210209 17:16:03.156"></status>
</kw>
<kw name="Side load" library="RobotLibrary">
<arguments>
<arg>${sideload}</arg>
<arg>rokudev</arg>
<arg>1234</arg>
</arguments>
<status status="PASS" starttime="20210209 17:16:03.156" endtime="20210209 17:16:12.293"></status>
</kw>
<kw name="Comment" library="BuiltIn">
<doc>Displays the given messages in the log file as keyword arguments.</doc>
<arguments>
<arg>Verificar que accedio a la landing del canal</arg>
</arguments>
<status status="PASS" starttime="20210209 17:16:12.294" endtime="20210209 17:16:12.294"></status>
</kw>
<kw name="Element identifier" library="keywords">
<arguments>
<arg>attr</arg>
<arg>name</arg>
<arg>btnLogin</arg>
</arguments>
<assign>
<var>${element}</var>
</assign>
<kw name="Set Variable" library="BuiltIn">
<doc>Returns the given values which can then be assigned to a variables.</doc>
<arguments>
<arg>using</arg>
</arguments>
<assign>
<var>${using}</var>
</assign>
<msg timestamp="20210209 17:16:12.295" level="INFO">${using} = using</msg>
<status status="PASS" starttime="20210209 17:16:12.295" endtime="20210209 17:16:12.295"></status>
</kw>
<kw name="Set Variable" library="BuiltIn">
<doc>Returns the given values which can then be assigned to a variables.</doc>
<arguments>
<arg>attribute</arg>
</arguments>
<assign>
<var>${attribute}</var>
</assign>
<msg timestamp="20210209 17:16:12.295" level="INFO">${attribute} = attribute</msg>
<status status="PASS" starttime="20210209 17:16:12.295" endtime="20210209 17:16:12.295"></status>
</kw>
<kw name="Set Variable" library="BuiltIn">
<doc>Returns the given values which can then be assigned to a variables.</doc>
<arguments>
<arg>value</arg>
</arguments>
<assign>
<var>${value}</var>
</assign>
<msg timestamp="20210209 17:16:12.296" level="INFO">${value} = value</msg>
<status status="PASS" starttime="20210209 17:16:12.295" endtime="20210209 17:16:12.296"></status>
</kw>
<kw name="Create Dictionary" library="BuiltIn">
<doc>Creates and returns a dictionary based on the given ``items``.</doc>
<arguments>
<arg>${using}=${usingValue}</arg>
<arg>${attribute}=${attributeValue}</arg>
<arg>${value}=${valueValue}</arg>
</arguments>
<assign>
<var>&amp;{usingDic}</var>
</assign>
<msg timestamp="20210209 17:16:12.296" level="INFO">&amp;{usingDic} = { using=attr | attribute=name | value=btnLogin }</msg>
<status status="PASS" starttime="20210209 17:16:12.296" endtime="20210209 17:16:12.296"></status>
</kw>
<kw name="Create List" library="BuiltIn">
<doc>Returns a list containing given items.</doc>
<arguments>
<arg>${usingDic}</arg>
</arguments>
<assign>
<var>@{elementsDic}</var>
</assign>
<msg timestamp="20210209 17:16:12.297" level="INFO">@{elementsDic} = [ {'using': 'attr', 'attribute': 'name', 'value': 'btnLogin'} ]</msg>
<status status="PASS" starttime="20210209 17:16:12.296" endtime="20210209 17:16:12.297"></status>
</kw>
<kw name="Create Dictionary" library="BuiltIn">
<doc>Creates and returns a dictionary based on the given ``items``.</doc>
<arguments>
<arg>elementData=${elementsDic}</arg>
</arguments>
<assign>
<var>&amp;{ElementParams}</var>
</assign>
<msg timestamp="20210209 17:16:12.297" level="INFO">&amp;{ElementParams} = { elementData=[{'using': 'attr', 'attribute': 'name', 'value': 'btnLogin'}] }</msg>
<status status="PASS" starttime="20210209 17:16:12.297" endtime="20210209 17:16:12.297"></status>
</kw>
<msg timestamp="20210209 17:16:12.297" level="INFO">${element} = {'elementData': [{'using': 'attr', 'attribute': 'name', 'value': 'btnLogin'}]}</msg>
<status status="PASS" starttime="20210209 17:16:12.294" endtime="20210209 17:16:12.297"></status>
</kw>
<kw name="Verify is screen loaded" library="RobotLibrary">
<arguments>
<arg>${element}</arg>
</arguments>
<msg timestamp="20210209 17:16:19.168" level="INFO">{'elementData': [{'using': 'attr', 'attribute': 'name', 'value': 'btnLogin'}]}</msg>
<status status="PASS" starttime="20210209 17:16:12.298" endtime="20210209 17:16:19.168"></status>
</kw>
<status status="PASS" starttime="20210209 17:16:03.155" endtime="20210209 17:16:19.169" critical="yes"></status>
</test>
<doc>Basic smoke tests</doc>
<status status="PASS" starttime="20210209 17:16:02.391" endtime="20210209 17:16:19.170"></status>
</suite>
<statistics>
<total>
<stat pass="1" fail="0">Critical Tests</stat>
<stat pass="1" fail="0">All Tests</stat>
</total>
<tag>
</tag>
<suite>
<stat pass="1" fail="0" id="s1" name="Start Channel">Start Channel</stat>
</suite>
</statistics>
<errors>
</errors>
</robot>
